[2021-10-18 16:44:19,546][INFO][4545322496][main.py:88]SSRSpeed 1.01, Web Api Version 0.5.2
[2021-10-18 16:44:19,547][INFO][4545322496][platform_check.py:9]Platform Info : macOS-11.6-x86_64-i386-64bit
[2021-10-18 16:44:19,547][INFO][4545322496][requirements_check.py:73]Checking libsodium.
[2021-10-18 16:44:19,547][INFO][4545322496][platform_check.py:9]Platform Info : macOS-11.6-x86_64-i386-64bit
[2021-10-18 16:44:22,493][INFO][4545322496][requirements_check.py:57]Checking ./clients/v2ray-core/v2ctl
[2021-10-18 16:44:22,494][INFO][4545322496][requirements_check.py:57]Checking ./clients/v2ray-core/v2ray
[2021-10-18 16:44:22,496][INFO][4545322496][requirements_check.py:123]Shadowsocks-libev found /usr/local/bin/ss-local
[2021-10-18 16:44:22,496][INFO][4545322496][requirements_check.py:120]Obfs-Local found /usr/local/bin/obfs-local
[2021-10-18 16:44:22,497][INFO][4545322496][config_parser.py:176]Reading https://fast.losadhwselfff2332dasd.xyz/link/UHFeqi6SwVAesyOi?clash=2
[2021-10-18 16:44:24,455][INFO][4545322496][config_parser.py:220]Base64 decode failed.
[2021-10-18 16:44:24,912][WARNING][4545322496][node_filters.py:37]netflix - 中国-日本 多协议标签交换虚拟专用网（三） H 1000Mbps (hr07.cathayroute.com:33400) already in list.
[2021-10-18 16:44:25,009][INFO][4545322496][config_parser.py:152]netflix - IPV6 日本 C01
[2021-10-18 16:44:25,010][INFO][4545322496][config_parser.py:152]netflix - 中国-日本 多协议标签交换虚拟专用网（三） A 1000Mbps
[2021-10-18 16:44:25,010][INFO][4545322496][config_parser.py:152]netflix - 中国-日本 多协议标签交换虚拟专用网（三） B 1000Mbps
[2021-10-18 16:44:25,010][INFO][4545322496][config_parser.py:152]netflix - 中国-日本 多协议标签交换虚拟专用网（三） C 1000Mbps
[2021-10-18 16:44:25,010][INFO][4545322496][config_parser.py:152]netflix - 中国-日本 多协议标签交换虚拟专用网（三） D 1000Mbps
[2021-10-18 16:44:25,010][INFO][4545322496][config_parser.py:152]netflix - 中国-日本 多协议标签交换虚拟专用网（三） E 1000Mbps
[2021-10-18 16:44:25,011][INFO][4545322496][config_parser.py:152]netflix - 中国-日本 多协议标签交换虚拟专用网（三） F 1000Mbps
[2021-10-18 16:44:25,011][INFO][4545322496][config_parser.py:152]netflix - 中国-日本 多协议标签交换虚拟专用网（三） G 1000Mbps
[2021-10-18 16:44:25,011][INFO][4545322496][config_parser.py:152]netflix - 中国-日本 多协议标签交换虚拟专用网（三） I 1000Mbps
[2021-10-18 16:44:25,011][INFO][4545322496][config_parser.py:152]netflix - 中国-日本 多协议标签交换虚拟专用网（三） J 1000Mbps
[2021-10-18 16:44:25,012][INFO][4545322496][config_parser.py:152]netflix - 中国-日本 沪日IEPL传输 Equinix-TY8 C01 Netflix
[2021-10-18 16:44:25,012][INFO][4545322496][config_parser.py:152]netflix - 中国-日本 沪日IEPL传输 Equinix-TY8 C02 Netflix
[2021-10-18 16:44:25,012][INFO][4545322496][config_parser.py:152]netflix - 中国-日本 沪日IEPL传输 Equinix-TY8 C03 Netflix
[2021-10-18 16:44:25,012][INFO][4545322496][config_parser.py:152]netflix - 中国-日本 沪日IEPL传输 Equinix-TY8 C04 Netflix
[2021-10-18 16:44:25,013][INFO][4545322496][config_parser.py:152]netflix - 中国-日本 沪日IEPL传输 Equinix-TY8 C05 Netflix
[2021-10-18 16:44:25,013][INFO][4545322496][config_parser.py:152]netflix - 中国-日本 沪日IEPL传输 Equinix-TY8 C06 Netflix
[2021-10-18 16:44:25,013][INFO][4545322496][config_parser.py:152]netflix - 中国-日本 沪日IEPL传输 Equinix-TY8 C07 Netflix
[2021-10-18 16:44:25,013][INFO][4545322496][config_parser.py:152]netflix - 中国-日本 沪日IEPL传输 Equinix-TY8 C08 Netflix
[2021-10-18 16:44:25,013][INFO][4545322496][config_parser.py:152]netflix - 日本 ソフトバンク C01 500Mbps 1倍 Netflix
[2021-10-18 16:44:25,014][INFO][4545322496][config_parser.py:152]netflix - 日本 ソフトバンク C02 500Mbps 1倍 Netflix
[2021-10-18 16:44:25,014][INFO][4545322496][config_parser.py:152]netflix - 日本 ソフトバンク C03 500Mbps 1倍 Netflix
[2021-10-18 16:44:25,014][INFO][4545322496][config_parser.py:152]netflix - 日本 ソフトバンク C04 500Mbps 1倍 Netflix
[2021-10-18 16:44:25,014][INFO][4545322496][config_parser.py:152]netflix - 日本 ソフトバンク C05 500Mbps 1倍 Netflix
[2021-10-18 16:44:25,015][INFO][4545322496][config_parser.py:152]netflix - 日本 ソフトバンク C06 500Mbps 1倍 Netflix
[2021-10-18 16:44:25,015][INFO][4545322496][config_parser.py:152]netflix - 日本 ソフトバンク C07 500Mbps 1倍 Netflix
[2021-10-18 16:44:25,015][INFO][4545322496][config_parser.py:152]netflix - 日本 ソフトバンク C08 500Mbps 1倍 Netflix
[2021-10-18 16:44:25,015][INFO][4545322496][config_parser.py:152]netflix - 日本 ソフトバンク C09 500Mbps 1倍 Netflix
[2021-10-18 16:44:25,015][INFO][4545322496][config_parser.py:152]netflix - 日本 ソフトバンク C10 500Mbps 1倍 Netflix
[2021-10-18 16:44:25,015][INFO][4545322496][config_parser.py:152]netflix - 日本 ソフトバンク C11 500Mbps 1倍 Netflix
[2021-10-18 16:44:25,016][INFO][4545322496][config_parser.py:152]netflix - 日本 ソフトバンク C12 500Mbps 1倍 Netflix
[2021-10-18 16:44:25,017][INFO][4545322496][ssrspeed_core.py:165]30 node(s) will be test.
[2021-10-18 16:44:25,018][INFO][4545322496][speed_test.py:421]Test mode : speed and tcp ping.Test method : FAST.
[2021-10-18 16:44:25,018][INFO][4545322496][speed_test.py:242]Starting test netflix - IPV6 日本 C01 [1/30]
[2021-10-18 16:44:25,018][INFO][4545322496][platform_check.py:9]Platform Info : macOS-11.6-x86_64-i386-64bit
[2021-10-18 16:44:25,019][INFO][4545322496][platform_check.py:9]Platform Info : macOS-11.6-x86_64-i386-64bit
[2021-10-18 16:44:25,019][INFO][4545322496][platform_check.py:9]Platform Info : macOS-11.6-x86_64-i386-64bit
[2021-10-18 16:44:25,019][INFO][4545322496][platform_check.py:9]Platform Info : macOS-11.6-x86_64-i386-64bit
[2021-10-18 16:44:25,023][INFO][4545322496][client_shadowsocks.py:36]Starting Shadowsocks-libev with server 2401:2500:204:1102:153:127:9:202:33400
[2021-10-18 16:44:26,029][INFO][4545322496][speed_test.py:276]Client started.
[2021-10-18 16:44:27,035][INFO][4545322496][geo_ip.py:46]Translating 2401:2500:204:1102:153:127:9:202 to ipv4.
[2021-10-18 16:44:27,037][ERROR][4545322496][geo_ip.py:54]Translate 2401:2500:204:1102:153:127:9:202 to ipv4 failed.
Traceback (most recent call last):
  File "/Users/chinnsenn/Developments.localized/PythonProjects/SSRSpeedN-Mod/ssrspeed/utils/geo_ip.py", line 51, in domain2ip
    ip = socket.gethostbyname(domain)
socket.gaierror: [Errno 8] nodename nor servname provided, or not known
[2021-10-18 16:44:27,039][ERROR][4545322496][geo_ip.py:61]Invalid IP : N/A
[2021-10-18 16:44:27,039][INFO][4545322496][speed_test.py:111]Node inbound IP : N/A, Geo : N/A Unknown City, N/A
[2021-10-18 16:44:27,039][INFO][4545322496][speed_test_methods.py:72]Testing latency to server.
[2021-10-18 16:44:27,040][ERROR][4545322496][ping.py:36]TCP Ping Exception:
Traceback (most recent call last):
  File "/Users/chinnsenn/Developments.localized/PythonProjects/SSRSpeedN-Mod/ssrspeed/speed_test/test_methods/ping.py", line 24, in tcp_ping
    s.connect((host,port))
socket.gaierror: [Errno 8] nodename nor servname provided, or not known
[2021-10-18 16:44:27,040][ERROR][4545322496][ping.py:36]TCP Ping Exception:
Traceback (most recent call last):
  File "/Users/chinnsenn/Developments.localized/PythonProjects/SSRSpeedN-Mod/ssrspeed/speed_test/test_methods/ping.py", line 24, in tcp_ping
    s.connect((host,port))
socket.gaierror: [Errno 8] nodename nor servname provided, or not known
[2021-10-18 16:44:27,041][ERROR][4545322496][ping.py:36]TCP Ping Exception:
Traceback (most recent call last):
  File "/Users/chinnsenn/Developments.localized/PythonProjects/SSRSpeedN-Mod/ssrspeed/speed_test/test_methods/ping.py", line 24, in tcp_ping
    s.connect((host,port))
socket.gaierror: [Errno 8] nodename nor servname provided, or not known
[2021-10-18 16:44:28,041][INFO][4545322496][geo_ip.py:63]Starting Geo IP.
[2021-10-18 16:44:28,090][ERROR][4545322496][geo_ip.py:76]Geo IP Failed.
Traceback (most recent call last):
  File "/Users/chinnsenn/.pyenv/versions/3.9.5/lib/python3.9/site-packages/urllib3/connectionpool.py", line 699, in urlopen
    httplib_response = self._make_request(
  File "/Users/chinnsenn/.pyenv/versions/3.9.5/lib/python3.9/site-packages/urllib3/connectionpool.py", line 382, in _make_request
    self._validate_conn(conn)
  File "/Users/chinnsenn/.pyenv/versions/3.9.5/lib/python3.9/site-packages/urllib3/connectionpool.py", line 1010, in _validate_conn
    conn.connect()
  File "/Users/chinnsenn/.pyenv/versions/3.9.5/lib/python3.9/site-packages/urllib3/connection.py", line 411, in connect
    self.sock = ssl_wrap_socket(
  File "/Users/chinnsenn/.pyenv/versions/3.9.5/lib/python3.9/site-packages/urllib3/util/ssl_.py", line 449, in ssl_wrap_socket
    ssl_sock = _ssl_wrap_socket_impl(
  File "/Users/chinnsenn/.pyenv/versions/3.9.5/lib/python3.9/site-packages/urllib3/util/ssl_.py", line 493, in _ssl_wrap_socket_impl
    return ssl_context.wrap_socket(sock, server_hostname=server_hostname)
  File "/Users/chinnsenn/.pyenv/versions/3.9.5/lib/python3.9/ssl.py", line 500, in wrap_socket
    return self.sslsocket_class._create(
  File "/Users/chinnsenn/.pyenv/versions/3.9.5/lib/python3.9/ssl.py", line 1040, in _create
    self.do_handshake()
  File "/Users/chinnsenn/.pyenv/versions/3.9.5/lib/python3.9/ssl.py", line 1309, in do_handshake
    self._sslobj.do_handshake()
ssl.SSLEOFError: EOF occurred in violation of protocol (_ssl.c:1129)

During handling of the above exception, another exception occurred:

Traceback (most recent call last):
  File "/Users/chinnsenn/.pyenv/versions/3.9.5/lib/python3.9/site-packages/requests/adapters.py", line 439, in send
    resp = conn.urlopen(
  File "/Users/chinnsenn/.pyenv/versions/3.9.5/lib/python3.9/site-packages/urllib3/connectionpool.py", line 755, in urlopen
    retries = retries.increment(
  File "/Users/chinnsenn/.pyenv/versions/3.9.5/lib/python3.9/site-packages/urllib3/util/retry.py", line 574, in increment
    raise MaxRetryError(_pool, url, error or ResponseError(cause))
urllib3.exceptions.MaxRetryError: SOCKSHTTPSConnectionPool(host='api.ip.sb', port=443): Max retries exceeded with url: /geoip/ (Caused by SSLError(SSLEOFError(8, 'EOF occurred in violation of protocol (_ssl.c:1129)')))

During handling of the above exception, another exception occurred:

Traceback (most recent call last):
  File "/Users/chinnsenn/Developments.localized/PythonProjects/SSRSpeedN-Mod/ssrspeed/utils/geo_ip.py", line 66, in IPLoc
    rep = requests.get("https://api.ip.sb/geoip/{}".format(ip),proxies = {
  File "/Users/chinnsenn/.pyenv/versions/3.9.5/lib/python3.9/site-packages/requests/api.py", line 76, in get
    return request('get', url, params=params, **kwargs)
  File "/Users/chinnsenn/.pyenv/versions/3.9.5/lib/python3.9/site-packages/requests/api.py", line 61, in request
    return session.request(method=method, url=url, **kwargs)
  File "/Users/chinnsenn/.pyenv/versions/3.9.5/lib/python3.9/site-packages/requests/sessions.py", line 542, in request
    resp = self.send(prep, **send_kwargs)
  File "/Users/chinnsenn/.pyenv/versions/3.9.5/lib/python3.9/site-packages/requests/sessions.py", line 655, in send
    r = adapter.send(request, **kwargs)
  File "/Users/chinnsenn/.pyenv/versions/3.9.5/lib/python3.9/site-packages/requests/adapters.py", line 514, in send
    raise SSLError(e, request=request)
requests.exceptions.SSLError: SOCKSHTTPSConnectionPool(host='api.ip.sb', port=443): Max retries exceeded with url: /geoip/ (Caused by SSLError(SSLEOFError(8, 'EOF occurred in violation of protocol (_ssl.c:1129)')))
[2021-10-18 16:44:28,108][INFO][4545322496][speed_test.py:127]Node outbound IP : N/A, Geo : N/A Unknown City, N/A
[2021-10-18 16:44:28,108][INFO][4545322496][speed_test.py:135]Performing netflix test LOCAL_PORT: 1087.
[2021-10-18 16:44:28,143][ERROR][4545322496][speed_test.py:177]代理服务器连接异常：(MaxRetryError("SOCKSHTTPSConnectionPool(host='www.netflix.com', port=443): Max retries exceeded with url: /title/70242311 (Caused by SSLError(SSLEOFError(8, 'EOF occurred in violation of protocol (_ssl.c:1129)')))"),)
[2021-10-18 16:44:28,145][INFO][4545322496][platform_check.py:9]Platform Info : macOS-11.6-x86_64-i386-64bit
[2021-10-18 16:44:28,145][INFO][4545322496][base_client.py:51]Client terminated.
[2021-10-18 16:44:29,149][INFO][4545322496][speed_test.py:242]Starting test netflix - 中国-日本 多协议标签交换虚拟专用网（三） A 1000Mbps [2/30]
[2021-10-18 16:44:29,149][INFO][4545322496][platform_check.py:9]Platform Info : macOS-11.6-x86_64-i386-64bit
[2021-10-18 16:44:29,150][INFO][4545322496][platform_check.py:9]Platform Info : macOS-11.6-x86_64-i386-64bit
[2021-10-18 16:44:29,150][INFO][4545322496][platform_check.py:9]Platform Info : macOS-11.6-x86_64-i386-64bit
[2021-10-18 16:44:29,150][INFO][4545322496][platform_check.py:9]Platform Info : macOS-11.6-x86_64-i386-64bit
[2021-10-18 16:44:29,154][INFO][4545322496][client_shadowsocks.py:36]Starting Shadowsocks-libev with server hr01.cathayroute.com:33400
[2021-10-18 16:44:30,160][INFO][4545322496][speed_test.py:276]Client started.
[2021-10-18 16:44:31,166][INFO][4545322496][geo_ip.py:46]Translating hr01.cathayroute.com to ipv4.
[2021-10-18 16:44:31,169][INFO][4545322496][geo_ip.py:63]Starting Geo IP.
[2021-10-18 16:44:32,274][INFO][4545322496][speed_test.py:111]Node inbound IP : 58.241.102.200, Geo : China Nanjing, China Unicom Liaoning
[2021-10-18 16:44:32,274][INFO][4545322496][speed_test_methods.py:72]Testing latency to server.
[2021-10-18 16:44:33,831][INFO][4545322496][speed_test_methods.py:68]Testing latency to google.
[2021-10-18 16:44:36,127][INFO][4545322496][geo_ip.py:63]Starting Geo IP.
[2021-10-18 16:44:37,353][INFO][4545322496][speed_test.py:127]Node outbound IP : 103.159.159.228, Geo : Hong Kong Unknown City, Kirin Communication Limited
[2021-10-18 16:44:37,353][INFO][4545322496][speed_test.py:135]Performing netflix test LOCAL_PORT: 1087.
[2021-10-18 16:44:39,491][INFO][4545322496][speed_test.py:153]Netflix IP : 126.208.75.182
[2021-10-18 16:44:40,751][INFO][4545322496][speed_test.py:167]Netflix test result: 仅自制剧.
[2021-10-18 16:44:40,751][INFO][4545322496][speed_test.py:218]Performing UDP NAT Type Test
[2021-10-18 16:44:41,598][INFO][4545322496][speed_test_methods.py:44]Starting speed test with FAST
[2021-10-18 16:44:41,599][WARNING][4545322496][speed_test.py:374]Re-testing node.
[2021-10-18 16:44:41,599][INFO][4545322496][speed_test_methods.py:44]Starting speed test with FAST
[2021-10-18 16:44:41,599][INFO][4545322496][speed_test.py:386][netflix] - [中国-日本 多协议标签交换虚拟专用网（三） A 1000Mbps] - Loss: [0.00%] - TCP Ping: [55.00] - Google Loss: [0.00%] - Google Ping: [229.00] - AvgStSpeed: [0.00MB/s] - AvgMtSpeed: [0.00MB/s] - NAT Type: Full-cone NAT - Internal End: 10.10.20.57:54320 - Public End: 103.159.159.228:43241
[2021-10-18 16:44:41,599][INFO][4545322496][platform_check.py:9]Platform Info : macOS-11.6-x86_64-i386-64bit
[2021-10-18 16:44:41,599][INFO][4545322496][base_client.py:51]Client terminated.
[2021-10-18 16:44:42,604][INFO][4545322496][speed_test.py:242]Starting test netflix - 中国-日本 多协议标签交换虚拟专用网（三） B 1000Mbps [3/30]
[2021-10-18 16:44:42,604][INFO][4545322496][platform_check.py:9]Platform Info : macOS-11.6-x86_64-i386-64bit
[2021-10-18 16:44:42,605][INFO][4545322496][platform_check.py:9]Platform Info : macOS-11.6-x86_64-i386-64bit
[2021-10-18 16:44:42,605][INFO][4545322496][platform_check.py:9]Platform Info : macOS-11.6-x86_64-i386-64bit
[2021-10-18 16:44:42,605][INFO][4545322496][platform_check.py:9]Platform Info : macOS-11.6-x86_64-i386-64bit
[2021-10-18 16:44:42,612][INFO][4545322496][client_shadowsocks.py:36]Starting Shadowsocks-libev with server hr02.cathayroute.com:33400
[2021-10-18 16:44:43,618][INFO][4545322496][speed_test.py:276]Client started.
[2021-10-18 16:44:44,625][INFO][4545322496][geo_ip.py:46]Translating hr02.cathayroute.com to ipv4.
[2021-10-18 16:44:44,626][INFO][4545322496][geo_ip.py:63]Starting Geo IP.
[2021-10-18 16:44:45,751][INFO][4545322496][speed_test.py:111]Node inbound IP : 58.241.102.201, Geo : China Nanjing, China Unicom Liaoning
[2021-10-18 16:44:45,751][INFO][4545322496][speed_test_methods.py:72]Testing latency to server.
[2021-10-18 16:44:47,277][INFO][4545322496][speed_test_methods.py:68]Testing latency to google.
[2021-10-18 16:44:50,213][INFO][4545322496][geo_ip.py:63]Starting Geo IP.
[2021-10-18 16:44:51,287][INFO][4545322496][speed_test.py:127]Node outbound IP : 103.159.159.229, Geo : Hong Kong Unknown City, Kirin Communication Limited
[2021-10-18 16:44:51,287][INFO][4545322496][speed_test.py:135]Performing netflix test LOCAL_PORT: 1087.
[2021-10-18 16:44:53,322][INFO][4545322496][speed_test.py:153]Netflix IP : 126.208.75.182
[2021-10-18 16:44:54,365][INFO][4545322496][speed_test.py:167]Netflix test result: 仅自制剧.
[2021-10-18 16:44:54,366][INFO][4545322496][speed_test.py:218]Performing UDP NAT Type Test
[2021-10-18 16:44:56,708][INFO][4545322496][speed_test_methods.py:44]Starting speed test with FAST
[2021-10-18 16:44:56,709][WARNING][4545322496][speed_test.py:374]Re-testing node.
[2021-10-18 16:44:56,709][INFO][4545322496][speed_test_methods.py:44]Starting speed test with FAST
[2021-10-18 16:44:56,709][INFO][4545322496][speed_test.py:386][netflix] - [中国-日本 多协议标签交换虚拟专用网（三） B 1000Mbps] - Loss: [0.00%] - TCP Ping: [52.00] - Google Loss: [0.00%] - Google Ping: [293.00] - AvgStSpeed: [0.00MB/s] - AvgMtSpeed: [0.00MB/s] - NAT Type: Full-cone NAT - Internal End: 10.10.20.57:54320 - Public End: 103.159.159.229:48527
[2021-10-18 16:44:56,710][INFO][4545322496][platform_check.py:9]Platform Info : macOS-11.6-x86_64-i386-64bit
[2021-10-18 16:44:56,710][INFO][4545322496][base_client.py:51]Client terminated.
[2021-10-18 16:44:57,715][INFO][4545322496][speed_test.py:242]Starting test netflix - 中国-日本 多协议标签交换虚拟专用网（三） C 1000Mbps [4/30]
[2021-10-18 16:44:57,716][INFO][4545322496][platform_check.py:9]Platform Info : macOS-11.6-x86_64-i386-64bit
[2021-10-18 16:44:57,717][INFO][4545322496][platform_check.py:9]Platform Info : macOS-11.6-x86_64-i386-64bit
[2021-10-18 16:44:57,717][INFO][4545322496][platform_check.py:9]Platform Info : macOS-11.6-x86_64-i386-64bit
[2021-10-18 16:44:57,718][INFO][4545322496][platform_check.py:9]Platform Info : macOS-11.6-x86_64-i386-64bit
[2021-10-18 16:44:57,725][INFO][4545322496][client_shadowsocks.py:36]Starting Shadowsocks-libev with server hr03.cathayroute.com:33400
[2021-10-18 16:44:58,731][INFO][4545322496][speed_test.py:276]Client started.
[2021-10-18 16:44:59,737][INFO][4545322496][geo_ip.py:46]Translating hr03.cathayroute.com to ipv4.
[2021-10-18 16:44:59,738][INFO][4545322496][geo_ip.py:63]Starting Geo IP.
[2021-10-18 16:45:00,974][INFO][4545322496][speed_test.py:111]Node inbound IP : 116.163.10.89, Geo : China Luohu, China Unicom Liaoning
[2021-10-18 16:45:00,974][INFO][4545322496][speed_test_methods.py:72]Testing latency to server.
[2021-10-18 16:45:02,864][INFO][4545322496][speed_test_methods.py:68]Testing latency to google.
[2021-10-18 16:45:05,194][INFO][4545322496][geo_ip.py:63]Starting Geo IP.
[2021-10-18 16:45:06,546][INFO][4545322496][speed_test.py:127]Node outbound IP : 45.87.95.104, Geo : Japan Osaka, xTom
[2021-10-18 16:45:06,546][INFO][4545322496][speed_test.py:135]Performing netflix test LOCAL_PORT: 1087.
[2021-10-18 16:45:08,707][INFO][4545322496][speed_test.py:153]Netflix IP : 126.208.75.182
[2021-10-18 16:45:09,912][INFO][4545322496][speed_test.py:167]Netflix test result: 仅自制剧.
[2021-10-18 16:45:09,912][INFO][4545322496][speed_test.py:218]Performing UDP NAT Type Test
[2021-10-18 16:45:11,236][INFO][4545322496][speed_test_methods.py:44]Starting speed test with FAST
[2021-10-18 16:45:11,237][WARNING][4545322496][speed_test.py:374]Re-testing node.
[2021-10-18 16:45:11,238][INFO][4545322496][speed_test_methods.py:44]Starting speed test with FAST
[2021-10-18 16:45:11,238][INFO][4545322496][speed_test.py:386][netflix] - [中国-日本 多协议标签交换虚拟专用网（三） C 1000Mbps] - Loss: [0.00%] - TCP Ping: [88.00] - Google Loss: [0.00%] - Google Ping: [232.00] - AvgStSpeed: [0.00MB/s] - AvgMtSpeed: [0.00MB/s] - NAT Type: Full-cone NAT - Internal End: 10.10.20.57:54320 - Public End: 45.87.95.104:57180
[2021-10-18 16:45:11,238][INFO][4545322496][platform_check.py:9]Platform Info : macOS-11.6-x86_64-i386-64bit
[2021-10-18 16:45:11,239][INFO][4545322496][base_client.py:51]Client terminated.
[2021-10-18 16:45:12,243][INFO][4545322496][speed_test.py:242]Starting test netflix - 中国-日本 多协议标签交换虚拟专用网（三） D 1000Mbps [5/30]
[2021-10-18 16:45:12,244][INFO][4545322496][platform_check.py:9]Platform Info : macOS-11.6-x86_64-i386-64bit
[2021-10-18 16:45:12,245][INFO][4545322496][platform_check.py:9]Platform Info : macOS-11.6-x86_64-i386-64bit
[2021-10-18 16:45:12,246][INFO][4545322496][platform_check.py:9]Platform Info : macOS-11.6-x86_64-i386-64bit
[2021-10-18 16:45:12,247][INFO][4545322496][platform_check.py:9]Platform Info : macOS-11.6-x86_64-i386-64bit
[2021-10-18 16:45:12,254][INFO][4545322496][client_shadowsocks.py:36]Starting Shadowsocks-libev with server hr04.cathayroute.com:33400
[2021-10-18 16:45:13,261][INFO][4545322496][speed_test.py:276]Client started.
[2021-10-18 16:45:14,267][INFO][4545322496][geo_ip.py:46]Translating hr04.cathayroute.com to ipv4.
[2021-10-18 16:45:14,269][INFO][4545322496][geo_ip.py:63]Starting Geo IP.
[2021-10-18 16:45:15,560][INFO][4545322496][speed_test.py:111]Node inbound IP : 116.163.10.90, Geo : China Luohu, China Unicom Liaoning
[2021-10-18 16:45:15,560][INFO][4545322496][speed_test_methods.py:72]Testing latency to server.
[2021-10-18 16:45:17,528][INFO][4545322496][speed_test_methods.py:68]Testing latency to google.
[2021-10-18 16:45:20,096][INFO][4545322496][geo_ip.py:63]Starting Geo IP.
[2021-10-18 16:45:22,415][INFO][4545322496][speed_test.py:127]Node outbound IP : 45.87.95.105, Geo : Japan Osaka, xTom
[2021-10-18 16:45:22,416][INFO][4545322496][speed_test.py:135]Performing netflix test LOCAL_PORT: 1087.
[2021-10-18 16:45:24,815][INFO][4545322496][speed_test.py:153]Netflix IP : 126.208.75.182
[2021-10-18 16:45:26,000][INFO][4545322496][speed_test.py:167]Netflix test result: 仅自制剧.
[2021-10-18 16:45:26,001][INFO][4545322496][speed_test.py:218]Performing UDP NAT Type Test
[2021-10-18 16:45:27,112][INFO][4545322496][speed_test_methods.py:44]Starting speed test with FAST
[2021-10-18 16:45:27,113][WARNING][4545322496][speed_test.py:374]Re-testing node.
[2021-10-18 16:45:27,113][INFO][4545322496][speed_test_methods.py:44]Starting speed test with FAST
[2021-10-18 16:45:27,113][INFO][4545322496][speed_test.py:386][netflix] - [中国-日本 多协议标签交换虚拟专用网（三） D 1000Mbps] - Loss: [0.00%] - TCP Ping: [96.00] - Google Loss: [0.00%] - Google Ping: [256.00] - AvgStSpeed: [0.00MB/s] - AvgMtSpeed: [0.00MB/s] - NAT Type: Full-cone NAT - Internal End: 10.10.20.57:54320 - Public End: 45.87.95.105:15206
[2021-10-18 16:45:27,113][INFO][4545322496][platform_check.py:9]Platform Info : macOS-11.6-x86_64-i386-64bit
[2021-10-18 16:45:27,113][INFO][4545322496][base_client.py:51]Client terminated.
[2021-10-18 16:45:28,116][INFO][4545322496][speed_test.py:242]Starting test netflix - 中国-日本 多协议标签交换虚拟专用网（三） E 1000Mbps [6/30]
[2021-10-18 16:45:28,117][INFO][4545322496][platform_check.py:9]Platform Info : macOS-11.6-x86_64-i386-64bit
[2021-10-18 16:45:28,118][INFO][4545322496][platform_check.py:9]Platform Info : macOS-11.6-x86_64-i386-64bit
[2021-10-18 16:45:28,119][INFO][4545322496][platform_check.py:9]Platform Info : macOS-11.6-x86_64-i386-64bit
[2021-10-18 16:45:28,119][INFO][4545322496][platform_check.py:9]Platform Info : macOS-11.6-x86_64-i386-64bit
[2021-10-18 16:45:28,128][INFO][4545322496][client_shadowsocks.py:36]Starting Shadowsocks-libev with server hr05.cathayroute.com:33400
[2021-10-18 16:45:29,136][INFO][4545322496][speed_test.py:276]Client started.
[2021-10-18 16:45:30,145][INFO][4545322496][geo_ip.py:46]Translating hr05.cathayroute.com to ipv4.
[2021-10-18 16:45:30,147][INFO][4545322496][geo_ip.py:63]Starting Geo IP.
[2021-10-18 16:45:31,642][INFO][4545322496][speed_test.py:111]Node inbound IP : 223.87.193.132, Geo : China Chengdu, China Mobile Guangdong
[2021-10-18 16:45:31,643][INFO][4545322496][speed_test_methods.py:72]Testing latency to server.
[2021-10-18 16:45:34,152][INFO][4545322496][speed_test_methods.py:68]Testing latency to google.
[2021-10-18 16:45:37,651][INFO][4545322496][geo_ip.py:63]Starting Geo IP.
[2021-10-18 16:45:39,079][INFO][4545322496][speed_test.py:127]Node outbound IP : 54.238.172.226, Geo : Japan Tokyo, Amazon.com
[2021-10-18 16:45:39,080][INFO][4545322496][speed_test.py:135]Performing netflix test LOCAL_PORT: 1087.
[2021-10-18 16:45:42,097][INFO][4545322496][speed_test.py:153]Netflix IP : 54.238.172.226
[2021-10-18 16:45:44,295][INFO][4545322496][speed_test.py:170]Netflix test result: 原生解锁.
[2021-10-18 16:45:44,295][INFO][4545322496][speed_test.py:218]Performing UDP NAT Type Test
[2021-10-18 16:45:45,448][INFO][4545322496][speed_test_methods.py:44]Starting speed test with FAST
[2021-10-18 16:45:45,449][WARNING][4545322496][speed_test.py:374]Re-testing node.
[2021-10-18 16:45:45,449][INFO][4545322496][speed_test_methods.py:44]Starting speed test with FAST
[2021-10-18 16:45:45,451][INFO][4545322496][speed_test.py:386][netflix] - [中国-日本 多协议标签交换虚拟专用网（三） E 1000Mbps] - Loss: [0.00%] - TCP Ping: [150.00] - Google Loss: [0.00%] - Google Ping: [349.00] - AvgStSpeed: [0.00MB/s] - AvgMtSpeed: [0.00MB/s] - NAT Type: Full-cone NAT - Internal End: 10.10.20.57:54320 - Public End: 54.238.172.226:61262
[2021-10-18 16:45:45,452][INFO][4545322496][platform_check.py:9]Platform Info : macOS-11.6-x86_64-i386-64bit
[2021-10-18 16:45:45,453][INFO][4545322496][base_client.py:51]Client terminated.
[2021-10-18 16:45:46,457][INFO][4545322496][speed_test.py:242]Starting test netflix - 中国-日本 多协议标签交换虚拟专用网（三） F 1000Mbps [7/30]
[2021-10-18 16:45:46,458][INFO][4545322496][platform_check.py:9]Platform Info : macOS-11.6-x86_64-i386-64bit
[2021-10-18 16:45:46,460][INFO][4545322496][platform_check.py:9]Platform Info : macOS-11.6-x86_64-i386-64bit
[2021-10-18 16:45:46,460][INFO][4545322496][platform_check.py:9]Platform Info : macOS-11.6-x86_64-i386-64bit
[2021-10-18 16:45:46,460][INFO][4545322496][platform_check.py:9]Platform Info : macOS-11.6-x86_64-i386-64bit
[2021-10-18 16:45:46,469][INFO][4545322496][client_shadowsocks.py:36]Starting Shadowsocks-libev with server hr06.cathayroute.com:33400
[2021-10-18 16:45:47,476][INFO][4545322496][speed_test.py:276]Client started.
[2021-10-18 16:45:48,483][INFO][4545322496][geo_ip.py:46]Translating hr06.cathayroute.com to ipv4.
[2021-10-18 16:45:48,484][INFO][4545322496][geo_ip.py:63]Starting Geo IP.
[2021-10-18 16:45:49,761][INFO][4545322496][speed_test.py:111]Node inbound IP : 58.241.102.201, Geo : China Nanjing, China Unicom Liaoning
[2021-10-18 16:45:49,761][INFO][4545322496][speed_test_methods.py:72]Testing latency to server.
[2021-10-18 16:45:51,342][INFO][4545322496][speed_test_methods.py:68]Testing latency to google.
[2021-10-18 16:45:53,055][INFO][4545322496][geo_ip.py:63]Starting Geo IP.
[2021-10-18 16:45:54,182][INFO][4545322496][speed_test.py:127]Node outbound IP : 103.159.159.229, Geo : Hong Kong Unknown City, Kirin Communication Limited
[2021-10-18 16:45:54,182][INFO][4545322496][speed_test.py:135]Performing netflix test LOCAL_PORT: 1087.
[2021-10-18 16:45:56,465][INFO][4545322496][speed_test.py:153]Netflix IP : 126.208.75.182
[2021-10-18 16:45:57,533][INFO][4545322496][speed_test.py:167]Netflix test result: 仅自制剧.
[2021-10-18 16:45:57,534][INFO][4545322496][speed_test.py:218]Performing UDP NAT Type Test
[2021-10-18 16:45:58,536][INFO][4545322496][speed_test_methods.py:44]Starting speed test with FAST
[2021-10-18 16:45:58,537][WARNING][4545322496][speed_test.py:374]Re-testing node.
[2021-10-18 16:45:58,537][INFO][4545322496][speed_test_methods.py:44]Starting speed test with FAST
[2021-10-18 16:45:58,538][INFO][4545322496][speed_test.py:386][netflix] - [中国-日本 多协议标签交换虚拟专用网（三） F 1000Mbps] - Loss: [0.00%] - TCP Ping: [57.00] - Google Loss: [0.00%] - Google Ping: [170.00] - AvgStSpeed: [0.00MB/s] - AvgMtSpeed: [0.00MB/s] - NAT Type: Full-cone NAT - Internal End: 10.10.20.57:54320 - Public End: 103.159.159.229:57616
[2021-10-18 16:45:58,539][INFO][4545322496][platform_check.py:9]Platform Info : macOS-11.6-x86_64-i386-64bit
[2021-10-18 16:45:58,539][INFO][4545322496][base_client.py:51]Client terminated.
[2021-10-18 16:45:59,542][INFO][4545322496][speed_test.py:242]Starting test netflix - 中国-日本 多协议标签交换虚拟专用网（三） G 1000Mbps [8/30]
[2021-10-18 16:45:59,542][INFO][4545322496][platform_check.py:9]Platform Info : macOS-11.6-x86_64-i386-64bit
[2021-10-18 16:45:59,543][INFO][4545322496][platform_check.py:9]Platform Info : macOS-11.6-x86_64-i386-64bit
[2021-10-18 16:45:59,544][INFO][4545322496][platform_check.py:9]Platform Info : macOS-11.6-x86_64-i386-64bit
[2021-10-18 16:45:59,544][INFO][4545322496][platform_check.py:9]Platform Info : macOS-11.6-x86_64-i386-64bit
[2021-10-18 16:45:59,553][INFO][4545322496][client_shadowsocks.py:36]Starting Shadowsocks-libev with server hr07.cathayroute.com:33400
[2021-10-18 16:46:00,557][INFO][4545322496][speed_test.py:276]Client started.
[2021-10-18 16:46:01,560][INFO][4545322496][geo_ip.py:46]Translating hr07.cathayroute.com to ipv4.
[2021-10-18 16:46:01,561][INFO][4545322496][geo_ip.py:63]Starting Geo IP.
[2021-10-18 16:46:02,819][INFO][4545322496][speed_test.py:111]Node inbound IP : 116.163.10.89, Geo : China Luohu, China Unicom Liaoning
[2021-10-18 16:46:02,820][INFO][4545322496][speed_test_methods.py:72]Testing latency to server.
[2021-10-18 16:46:04,980][INFO][4545322496][speed_test_methods.py:68]Testing latency to google.
[2021-10-18 16:46:08,146][INFO][4545322496][geo_ip.py:63]Starting Geo IP.
[2021-10-18 16:46:09,433][INFO][4545322496][speed_test.py:127]Node outbound IP : 45.87.95.104, Geo : Japan Osaka, xTom
[2021-10-18 16:46:09,433][INFO][4545322496][speed_test.py:135]Performing netflix test LOCAL_PORT: 1087.
[2021-10-18 16:46:11,714][INFO][4545322496][speed_test.py:153]Netflix IP : 126.208.75.182
[2021-10-18 16:46:12,880][INFO][4545322496][speed_test.py:167]Netflix test result: 仅自制剧.
[2021-10-18 16:46:12,881][INFO][4545322496][speed_test.py:218]Performing UDP NAT Type Test
[2021-10-18 16:46:14,229][INFO][4545322496][speed_test_methods.py:44]Starting speed test with FAST
[2021-10-18 16:46:14,230][WARNING][4545322496][speed_test.py:374]Re-testing node.
[2021-10-18 16:46:14,230][INFO][4545322496][speed_test_methods.py:44]Starting speed test with FAST
[2021-10-18 16:46:14,230][INFO][4545322496][speed_test.py:386][netflix] - [中国-日本 多协议标签交换虚拟专用网（三） G 1000Mbps] - Loss: [0.00%] - TCP Ping: [115.00] - Google Loss: [0.00%] - Google Ping: [316.00] - AvgStSpeed: [0.00MB/s] - AvgMtSpeed: [0.00MB/s] - NAT Type: Full-cone NAT - Internal End: 10.10.20.57:54320 - Public End: 45.87.95.104:46401
[2021-10-18 16:46:14,231][INFO][4545322496][platform_check.py:9]Platform Info : macOS-11.6-x86_64-i386-64bit
[2021-10-18 16:46:14,231][INFO][4545322496][base_client.py:51]Client terminated.
[2021-10-18 16:46:15,236][INFO][4545322496][speed_test.py:242]Starting test netflix - 中国-日本 多协议标签交换虚拟专用网（三） I 1000Mbps [9/30]
[2021-10-18 16:46:15,237][INFO][4545322496][platform_check.py:9]Platform Info : macOS-11.6-x86_64-i386-64bit
[2021-10-18 16:46:15,240][INFO][4545322496][platform_check.py:9]Platform Info : macOS-11.6-x86_64-i386-64bit
[2021-10-18 16:46:15,240][INFO][4545322496][platform_check.py:9]Platform Info : macOS-11.6-x86_64-i386-64bit
[2021-10-18 16:46:15,240][INFO][4545322496][platform_check.py:9]Platform Info : macOS-11.6-x86_64-i386-64bit
[2021-10-18 16:46:15,248][INFO][4545322496][client_shadowsocks.py:36]Starting Shadowsocks-libev with server hr08.cathayroute.com:33400
[2021-10-18 16:46:16,254][INFO][4545322496][speed_test.py:276]Client started.
[2021-10-18 16:46:17,262][INFO][4545322496][geo_ip.py:46]Translating hr08.cathayroute.com to ipv4.
[2021-10-18 16:46:17,264][INFO][4545322496][geo_ip.py:63]Starting Geo IP.
[2021-10-18 16:46:18,603][INFO][4545322496][speed_test.py:111]Node inbound IP : 116.163.10.90, Geo : China Luohu, China Unicom Liaoning
[2021-10-18 16:46:18,604][INFO][4545322496][speed_test_methods.py:72]Testing latency to server.
[2021-10-18 16:46:20,511][INFO][4545322496][speed_test_methods.py:68]Testing latency to google.
[2021-10-18 16:46:23,111][INFO][4545322496][geo_ip.py:63]Starting Geo IP.
[2021-10-18 16:46:24,349][INFO][4545322496][speed_test.py:127]Node outbound IP : 45.87.95.105, Geo : Japan Osaka, xTom
[2021-10-18 16:46:24,349][INFO][4545322496][speed_test.py:135]Performing netflix test LOCAL_PORT: 1087.
[2021-10-18 16:46:26,756][INFO][4545322496][speed_test.py:153]Netflix IP : 126.208.75.182
[2021-10-18 16:46:27,900][INFO][4545322496][speed_test.py:167]Netflix test result: 仅自制剧.
[2021-10-18 16:46:27,901][INFO][4545322496][speed_test.py:218]Performing UDP NAT Type Test
[2021-10-18 16:46:28,752][ERROR][4545322496][speed_test.py:227]
Traceback (most recent call last):
  File "/Users/chinnsenn/Developments.localized/PythonProjects/SSRSpeedN-Mod/ssrspeed/speed_test/speed_test.py", line 219, in __nat_type_test
    t, eip, eport, sip = pynat.get_ip_info(
  File "/Users/chinnsenn/.pyenv/versions/3.9.5/lib/python3.9/site-packages/pynat.py", line 238, in get_ip_info
    source_ip = get_internal_ip(stun_addr)
  File "/Users/chinnsenn/.pyenv/versions/3.9.5/lib/python3.9/site-packages/pynat.py", line 163, in get_internal_ip
    sock.connect(test_addr)
socket.gaierror: [Errno 8] nodename nor servname provided, or not known
[2021-10-18 16:46:28,756][INFO][4545322496][speed_test_methods.py:44]Starting speed test with FAST
[2021-10-18 16:46:28,756][WARNING][4545322496][speed_test.py:374]Re-testing node.
[2021-10-18 16:46:28,756][INFO][4545322496][speed_test_methods.py:44]Starting speed test with FAST
[2021-10-18 16:46:28,757][INFO][4545322496][speed_test.py:386][netflix] - [中国-日本 多协议标签交换虚拟专用网（三） I 1000Mbps] - Loss: [0.00%] - TCP Ping: [90.00] - Google Loss: [0.00%] - Google Ping: [259.00] - AvgStSpeed: [0.00MB/s] - AvgMtSpeed: [0.00MB/s]
[2021-10-18 16:46:28,757][INFO][4545322496][platform_check.py:9]Platform Info : macOS-11.6-x86_64-i386-64bit
[2021-10-18 16:46:28,758][INFO][4545322496][base_client.py:51]Client terminated.
[2021-10-18 16:46:29,763][INFO][4545322496][speed_test.py:242]Starting test netflix - 中国-日本 多协议标签交换虚拟专用网（三） J 1000Mbps [10/30]
[2021-10-18 16:46:29,763][INFO][4545322496][platform_check.py:9]Platform Info : macOS-11.6-x86_64-i386-64bit
[2021-10-18 16:46:29,764][INFO][4545322496][platform_check.py:9]Platform Info : macOS-11.6-x86_64-i386-64bit
[2021-10-18 16:46:29,764][INFO][4545322496][platform_check.py:9]Platform Info : macOS-11.6-x86_64-i386-64bit
[2021-10-18 16:46:29,764][INFO][4545322496][platform_check.py:9]Platform Info : macOS-11.6-x86_64-i386-64bit
[2021-10-18 16:46:29,769][INFO][4545322496][client_shadowsocks.py:36]Starting Shadowsocks-libev with server hr10.cathayroute.com:33400
[2021-10-18 16:46:30,777][INFO][4545322496][speed_test.py:276]Client started.
[2021-10-18 16:46:31,784][INFO][4545322496][geo_ip.py:46]Translating hr10.cathayroute.com to ipv4.
[2021-10-18 16:46:31,785][INFO][4545322496][geo_ip.py:63]Starting Geo IP.
[2021-10-18 16:46:33,596][INFO][4545322496][speed_test.py:111]Node inbound IP : 223.87.193.132, Geo : China Chengdu, China Mobile Guangdong
[2021-10-18 16:46:33,597][INFO][4545322496][speed_test_methods.py:72]Testing latency to server.
[2021-10-18 16:46:36,074][INFO][4545322496][speed_test_methods.py:68]Testing latency to google.
[2021-10-18 16:46:39,485][INFO][4545322496][geo_ip.py:63]Starting Geo IP.
[2021-10-18 16:46:44,100][INFO][4545322496][speed_test.py:127]Node outbound IP : 54.238.172.226, Geo : Japan Tokyo, Amazon.com
[2021-10-18 16:46:44,100][INFO][4545322496][speed_test.py:135]Performing netflix test LOCAL_PORT: 1087.
[2021-10-18 16:46:46,682][INFO][4545322496][speed_test.py:153]Netflix IP : 54.238.172.226
[2021-10-18 16:46:48,891][INFO][4545322496][speed_test.py:170]Netflix test result: 原生解锁.
[2021-10-18 16:46:48,892][INFO][4545322496][speed_test.py:218]Performing UDP NAT Type Test
[2021-10-18 16:46:49,859][INFO][4545322496][speed_test_methods.py:44]Starting speed test with FAST
[2021-10-18 16:46:49,859][WARNING][4545322496][speed_test.py:374]Re-testing node.
[2021-10-18 16:46:49,859][INFO][4545322496][speed_test_methods.py:44]Starting speed test with FAST
[2021-10-18 16:46:49,859][INFO][4545322496][speed_test.py:386][netflix] - [中国-日本 多协议标签交换虚拟专用网（三） J 1000Mbps] - Loss: [0.00%] - TCP Ping: [147.00] - Google Loss: [0.00%] - Google Ping: [340.00] - AvgStSpeed: [0.00MB/s] - AvgMtSpeed: [0.00MB/s] - NAT Type: Full-cone NAT - Internal End: 10.10.20.57:54320 - Public End: 54.238.172.226:61863
[2021-10-18 16:46:49,859][INFO][4545322496][platform_check.py:9]Platform Info : macOS-11.6-x86_64-i386-64bit
[2021-10-18 16:46:49,860][INFO][4545322496][base_client.py:51]Client terminated.
[2021-10-18 16:46:50,865][INFO][4545322496][speed_test.py:242]Starting test netflix - 中国-日本 沪日IEPL传输 Equinix-TY8 C01 Netflix [11/30]
[2021-10-18 16:46:50,865][INFO][4545322496][platform_check.py:9]Platform Info : macOS-11.6-x86_64-i386-64bit
[2021-10-18 16:46:50,866][INFO][4545322496][platform_check.py:9]Platform Info : macOS-11.6-x86_64-i386-64bit
[2021-10-18 16:46:50,867][INFO][4545322496][platform_check.py:9]Platform Info : macOS-11.6-x86_64-i386-64bit
[2021-10-18 16:46:50,867][INFO][4545322496][platform_check.py:9]Platform Info : macOS-11.6-x86_64-i386-64bit
[2021-10-18 16:46:50,874][INFO][4545322496][client_shadowsocks.py:36]Starting Shadowsocks-libev with server jp01.cathayroute.com:33400
[2021-10-18 16:46:51,877][INFO][4545322496][speed_test.py:276]Client started.
[2021-10-18 16:46:52,882][INFO][4545322496][geo_ip.py:46]Translating jp01.cathayroute.com to ipv4.
[2021-10-18 16:46:52,883][INFO][4545322496][geo_ip.py:63]Starting Geo IP.
[2021-10-18 16:46:54,145][INFO][4545322496][speed_test.py:111]Node inbound IP : 116.163.10.89, Geo : China Luohu, China Unicom Liaoning
[2021-10-18 16:46:54,146][INFO][4545322496][speed_test_methods.py:72]Testing latency to server.
[2021-10-18 16:46:56,026][INFO][4545322496][speed_test_methods.py:68]Testing latency to google.
[2021-10-18 16:46:58,391][INFO][4545322496][geo_ip.py:63]Starting Geo IP.
[2021-10-18 16:46:59,670][INFO][4545322496][speed_test.py:127]Node outbound IP : 45.87.95.104, Geo : Japan Osaka, xTom
[2021-10-18 16:46:59,670][INFO][4545322496][speed_test.py:135]Performing netflix test LOCAL_PORT: 1087.
[2021-10-18 16:47:01,751][INFO][4545322496][speed_test.py:153]Netflix IP : 126.208.75.182
[2021-10-18 16:47:03,449][INFO][4545322496][speed_test.py:167]Netflix test result: 仅自制剧.
[2021-10-18 16:47:03,450][INFO][4545322496][speed_test.py:218]Performing UDP NAT Type Test
[2021-10-18 16:47:05,241][INFO][4545322496][speed_test_methods.py:44]Starting speed test with FAST
[2021-10-18 16:47:05,242][WARNING][4545322496][speed_test.py:374]Re-testing node.
[2021-10-18 16:47:05,242][INFO][4545322496][speed_test_methods.py:44]Starting speed test with FAST
[2021-10-18 16:47:05,242][INFO][4545322496][speed_test.py:386][netflix] - [中国-日本 沪日IEPL传输 Equinix-TY8 C01 Netflix] - Loss: [0.00%] - TCP Ping: [87.00] - Google Loss: [0.00%] - Google Ping: [235.00] - AvgStSpeed: [0.00MB/s] - AvgMtSpeed: [0.00MB/s] - NAT Type: Full-cone NAT - Internal End: 10.10.20.57:54320 - Public End: 45.87.95.104:25433
[2021-10-18 16:47:05,243][INFO][4545322496][platform_check.py:9]Platform Info : macOS-11.6-x86_64-i386-64bit
[2021-10-18 16:47:05,244][INFO][4545322496][base_client.py:51]Client terminated.
[2021-10-18 16:47:06,248][INFO][4545322496][speed_test.py:242]Starting test netflix - 中国-日本 沪日IEPL传输 Equinix-TY8 C02 Netflix [12/30]
[2021-10-18 16:47:06,249][INFO][4545322496][platform_check.py:9]Platform Info : macOS-11.6-x86_64-i386-64bit
[2021-10-18 16:47:06,250][INFO][4545322496][platform_check.py:9]Platform Info : macOS-11.6-x86_64-i386-64bit
[2021-10-18 16:47:06,250][INFO][4545322496][platform_check.py:9]Platform Info : macOS-11.6-x86_64-i386-64bit
[2021-10-18 16:47:06,251][INFO][4545322496][platform_check.py:9]Platform Info : macOS-11.6-x86_64-i386-64bit
[2021-10-18 16:47:06,257][INFO][4545322496][client_shadowsocks.py:36]Starting Shadowsocks-libev with server jp02.cathayroute.com:33400
[2021-10-18 16:47:07,264][INFO][4545322496][speed_test.py:276]Client started.
[2021-10-18 16:47:08,271][INFO][4545322496][geo_ip.py:46]Translating jp02.cathayroute.com to ipv4.
[2021-10-18 16:47:08,272][INFO][4545322496][geo_ip.py:63]Starting Geo IP.
[2021-10-18 16:47:09,717][INFO][4545322496][speed_test.py:111]Node inbound IP : 116.163.10.90, Geo : China Luohu, China Unicom Liaoning
[2021-10-18 16:47:09,717][INFO][4545322496][speed_test_methods.py:72]Testing latency to server.
[2021-10-18 16:47:11,642][INFO][4545322496][speed_test_methods.py:68]Testing latency to google.
[2021-10-18 16:47:14,229][INFO][4545322496][geo_ip.py:63]Starting Geo IP.
[2021-10-18 16:47:15,950][INFO][4545322496][speed_test.py:127]Node outbound IP : 45.87.95.105, Geo : Japan Osaka, xTom
[2021-10-18 16:47:15,950][INFO][4545322496][speed_test.py:135]Performing netflix test LOCAL_PORT: 1087.
[2021-10-18 16:47:18,363][INFO][4545322496][speed_test.py:153]Netflix IP : 126.208.75.182
[2021-10-18 16:47:19,535][INFO][4545322496][speed_test.py:167]Netflix test result: 仅自制剧.
[2021-10-18 16:47:19,535][INFO][4545322496][speed_test.py:218]Performing UDP NAT Type Test
[2021-10-18 16:47:20,957][INFO][4545322496][speed_test_methods.py:44]Starting speed test with FAST
[2021-10-18 16:47:20,957][WARNING][4545322496][speed_test.py:374]Re-testing node.
[2021-10-18 16:47:20,958][INFO][4545322496][speed_test_methods.py:44]Starting speed test with FAST
[2021-10-18 16:47:20,958][INFO][4545322496][speed_test.py:386][netflix] - [中国-日本 沪日IEPL传输 Equinix-TY8 C02 Netflix] - Loss: [0.00%] - TCP Ping: [91.00] - Google Loss: [0.00%] - Google Ping: [258.00] - AvgStSpeed: [0.00MB/s] - AvgMtSpeed: [0.00MB/s] - NAT Type: Full-cone NAT - Internal End: 10.10.20.57:54320 - Public End: 45.87.95.105:35109
[2021-10-18 16:47:20,959][INFO][4545322496][platform_check.py:9]Platform Info : macOS-11.6-x86_64-i386-64bit
[2021-10-18 16:47:20,960][INFO][4545322496][base_client.py:51]Client terminated.
[2021-10-18 16:47:21,966][INFO][4545322496][speed_test.py:242]Starting test netflix - 中国-日本 沪日IEPL传输 Equinix-TY8 C03 Netflix [13/30]
[2021-10-18 16:47:21,967][INFO][4545322496][platform_check.py:9]Platform Info : macOS-11.6-x86_64-i386-64bit
[2021-10-18 16:47:21,968][INFO][4545322496][platform_check.py:9]Platform Info : macOS-11.6-x86_64-i386-64bit
[2021-10-18 16:47:21,969][INFO][4545322496][platform_check.py:9]Platform Info : macOS-11.6-x86_64-i386-64bit
[2021-10-18 16:47:21,969][INFO][4545322496][platform_check.py:9]Platform Info : macOS-11.6-x86_64-i386-64bit
[2021-10-18 16:47:21,978][INFO][4545322496][client_shadowsocks.py:36]Starting Shadowsocks-libev with server jp03.cathayroute.com:33400
[2021-10-18 16:47:22,989][INFO][4545322496][speed_test.py:276]Client started.
[2021-10-18 16:47:23,996][INFO][4545322496][geo_ip.py:46]Translating jp03.cathayroute.com to ipv4.
[2021-10-18 16:47:23,998][INFO][4545322496][geo_ip.py:63]Starting Geo IP.
[2021-10-18 16:47:25,125][INFO][4545322496][speed_test.py:111]Node inbound IP : 58.241.102.200, Geo : China Nanjing, China Unicom Liaoning
[2021-10-18 16:47:25,125][INFO][4545322496][speed_test_methods.py:72]Testing latency to server.
[2021-10-18 16:47:26,704][INFO][4545322496][speed_test_methods.py:68]Testing latency to google.
[2021-10-18 16:47:28,732][INFO][4545322496][geo_ip.py:63]Starting Geo IP.
[2021-10-18 16:47:29,870][INFO][4545322496][speed_test.py:127]Node outbound IP : 103.159.159.228, Geo : Hong Kong Unknown City, Kirin Communication Limited
[2021-10-18 16:47:29,870][INFO][4545322496][speed_test.py:135]Performing netflix test LOCAL_PORT: 1087.
[2021-10-18 16:47:32,168][INFO][4545322496][speed_test.py:153]Netflix IP : 126.208.75.182
[2021-10-18 16:47:33,093][INFO][4545322496][speed_test.py:167]Netflix test result: 仅自制剧.
[2021-10-18 16:47:33,094][INFO][4545322496][speed_test.py:218]Performing UDP NAT Type Test
[2021-10-18 16:47:33,848][INFO][4545322496][speed_test_methods.py:44]Starting speed test with FAST
[2021-10-18 16:47:33,849][WARNING][4545322496][speed_test.py:374]Re-testing node.
[2021-10-18 16:47:33,849][INFO][4545322496][speed_test_methods.py:44]Starting speed test with FAST
[2021-10-18 16:47:33,849][INFO][4545322496][speed_test.py:386][netflix] - [中国-日本 沪日IEPL传输 Equinix-TY8 C03 Netflix] - Loss: [0.00%] - TCP Ping: [57.00] - Google Loss: [0.00%] - Google Ping: [202.00] - AvgStSpeed: [0.00MB/s] - AvgMtSpeed: [0.00MB/s] - NAT Type: Full-cone NAT - Internal End: 10.10.20.57:54320 - Public End: 103.159.159.228:42908
[2021-10-18 16:47:33,849][INFO][4545322496][platform_check.py:9]Platform Info : macOS-11.6-x86_64-i386-64bit
[2021-10-18 16:47:33,850][INFO][4545322496][base_client.py:51]Client terminated.
[2021-10-18 16:47:34,852][INFO][4545322496][speed_test.py:242]Starting test netflix - 中国-日本 沪日IEPL传输 Equinix-TY8 C04 Netflix [14/30]
[2021-10-18 16:47:34,852][INFO][4545322496][platform_check.py:9]Platform Info : macOS-11.6-x86_64-i386-64bit
[2021-10-18 16:47:34,854][INFO][4545322496][platform_check.py:9]Platform Info : macOS-11.6-x86_64-i386-64bit
[2021-10-18 16:47:34,855][INFO][4545322496][platform_check.py:9]Platform Info : macOS-11.6-x86_64-i386-64bit
[2021-10-18 16:47:34,855][INFO][4545322496][platform_check.py:9]Platform Info : macOS-11.6-x86_64-i386-64bit
[2021-10-18 16:47:34,864][INFO][4545322496][client_shadowsocks.py:36]Starting Shadowsocks-libev with server jp04.cathayroute.com:33400
[2021-10-18 16:47:35,867][INFO][4545322496][speed_test.py:276]Client started.
[2021-10-18 16:47:36,874][INFO][4545322496][geo_ip.py:46]Translating jp04.cathayroute.com to ipv4.
[2021-10-18 16:47:36,876][INFO][4545322496][geo_ip.py:63]Starting Geo IP.
[2021-10-18 16:47:37,978][INFO][4545322496][speed_test.py:111]Node inbound IP : 58.241.102.201, Geo : China Nanjing, China Unicom Liaoning
[2021-10-18 16:47:37,978][INFO][4545322496][speed_test_methods.py:72]Testing latency to server.
[2021-10-18 16:47:39,561][INFO][4545322496][speed_test_methods.py:68]Testing latency to google.
[2021-10-18 16:47:41,471][INFO][4545322496][geo_ip.py:63]Starting Geo IP.
[2021-10-18 16:47:42,671][INFO][4545322496][speed_test.py:127]Node outbound IP : 103.159.159.229, Geo : Hong Kong Unknown City, Kirin Communication Limited
[2021-10-18 16:47:42,671][INFO][4545322496][speed_test.py:135]Performing netflix test LOCAL_PORT: 1087.
[2021-10-18 16:47:44,616][INFO][4545322496][speed_test.py:153]Netflix IP : 126.208.75.182
[2021-10-18 16:47:45,750][INFO][4545322496][speed_test.py:167]Netflix test result: 仅自制剧.
[2021-10-18 16:47:45,751][INFO][4545322496][speed_test.py:218]Performing UDP NAT Type Test
[2021-10-18 16:47:46,567][INFO][4545322496][speed_test_methods.py:44]Starting speed test with FAST
[2021-10-18 16:47:46,568][WARNING][4545322496][speed_test.py:374]Re-testing node.
[2021-10-18 16:47:46,569][INFO][4545322496][speed_test_methods.py:44]Starting speed test with FAST
[2021-10-18 16:47:46,569][INFO][4545322496][speed_test.py:386][netflix] - [中国-日本 沪日IEPL传输 Equinix-TY8 C04 Netflix] - Loss: [0.00%] - TCP Ping: [57.00] - Google Loss: [0.00%] - Google Ping: [190.00] - AvgStSpeed: [0.00MB/s] - AvgMtSpeed: [0.00MB/s] - NAT Type: Full-cone NAT - Internal End: 10.10.20.57:54320 - Public End: 103.159.159.229:28013
[2021-10-18 16:47:46,569][INFO][4545322496][platform_check.py:9]Platform Info : macOS-11.6-x86_64-i386-64bit
[2021-10-18 16:47:46,570][INFO][4545322496][base_client.py:51]Client terminated.
[2021-10-18 16:47:47,573][INFO][4545322496][speed_test.py:242]Starting test netflix - 中国-日本 沪日IEPL传输 Equinix-TY8 C05 Netflix [15/30]
[2021-10-18 16:47:47,574][INFO][4545322496][platform_check.py:9]Platform Info : macOS-11.6-x86_64-i386-64bit
[2021-10-18 16:47:47,575][INFO][4545322496][platform_check.py:9]Platform Info : macOS-11.6-x86_64-i386-64bit
[2021-10-18 16:47:47,575][INFO][4545322496][platform_check.py:9]Platform Info : macOS-11.6-x86_64-i386-64bit
[2021-10-18 16:47:47,576][INFO][4545322496][platform_check.py:9]Platform Info : macOS-11.6-x86_64-i386-64bit
[2021-10-18 16:47:47,585][INFO][4545322496][client_shadowsocks.py:36]Starting Shadowsocks-libev with server jp05.cathayroute.com:33400
[2021-10-18 16:47:48,594][INFO][4545322496][speed_test.py:276]Client started.
[2021-10-18 16:47:49,599][INFO][4545322496][geo_ip.py:46]Translating jp05.cathayroute.com to ipv4.
[2021-10-18 16:47:49,601][INFO][4545322496][geo_ip.py:63]Starting Geo IP.
[2021-10-18 16:47:50,866][INFO][4545322496][speed_test.py:111]Node inbound IP : 116.163.10.89, Geo : China Luohu, China Unicom Liaoning
[2021-10-18 16:47:50,867][INFO][4545322496][speed_test_methods.py:72]Testing latency to server.
[2021-10-18 16:47:52,809][INFO][4545322496][speed_test_methods.py:68]Testing latency to google.
[2021-10-18 16:47:55,195][INFO][4545322496][geo_ip.py:63]Starting Geo IP.
[2021-10-18 16:47:57,013][INFO][4545322496][speed_test.py:127]Node outbound IP : 45.87.95.104, Geo : Japan Osaka, xTom
[2021-10-18 16:47:57,013][INFO][4545322496][speed_test.py:135]Performing netflix test LOCAL_PORT: 1087.
[2021-10-18 16:47:59,169][INFO][4545322496][speed_test.py:153]Netflix IP : 126.208.75.182
[2021-10-18 16:48:00,388][INFO][4545322496][speed_test.py:167]Netflix test result: 仅自制剧.
[2021-10-18 16:48:00,390][INFO][4545322496][speed_test.py:218]Performing UDP NAT Type Test
[2021-10-18 16:48:01,920][INFO][4545322496][speed_test_methods.py:44]Starting speed test with FAST
[2021-10-18 16:48:01,922][WARNING][4545322496][speed_test.py:374]Re-testing node.
[2021-10-18 16:48:01,922][INFO][4545322496][speed_test_methods.py:44]Starting speed test with FAST
[2021-10-18 16:48:01,922][INFO][4545322496][speed_test.py:386][netflix] - [中国-日本 沪日IEPL传输 Equinix-TY8 C05 Netflix] - Loss: [0.00%] - TCP Ping: [93.00] - Google Loss: [0.00%] - Google Ping: [237.00] - AvgStSpeed: [0.00MB/s] - AvgMtSpeed: [0.00MB/s] - NAT Type: Full-cone NAT - Internal End: 10.10.20.57:54320 - Public End: 45.87.95.104:43260
[2021-10-18 16:48:01,922][INFO][4545322496][platform_check.py:9]Platform Info : macOS-11.6-x86_64-i386-64bit
[2021-10-18 16:48:01,923][INFO][4545322496][base_client.py:51]Client terminated.
[2021-10-18 16:48:02,928][INFO][4545322496][speed_test.py:242]Starting test netflix - 中国-日本 沪日IEPL传输 Equinix-TY8 C06 Netflix [16/30]
[2021-10-18 16:48:02,929][INFO][4545322496][platform_check.py:9]Platform Info : macOS-11.6-x86_64-i386-64bit
[2021-10-18 16:48:02,931][INFO][4545322496][platform_check.py:9]Platform Info : macOS-11.6-x86_64-i386-64bit
[2021-10-18 16:48:02,931][INFO][4545322496][platform_check.py:9]Platform Info : macOS-11.6-x86_64-i386-64bit
[2021-10-18 16:48:02,931][INFO][4545322496][platform_check.py:9]Platform Info : macOS-11.6-x86_64-i386-64bit
[2021-10-18 16:48:02,941][INFO][4545322496][client_shadowsocks.py:36]Starting Shadowsocks-libev with server jp06.cathayroute.com:33400
[2021-10-18 16:48:03,947][INFO][4545322496][speed_test.py:276]Client started.
[2021-10-18 16:48:04,951][INFO][4545322496][geo_ip.py:46]Translating jp06.cathayroute.com to ipv4.
[2021-10-18 16:48:04,952][INFO][4545322496][geo_ip.py:63]Starting Geo IP.
[2021-10-18 16:48:06,235][INFO][4545322496][speed_test.py:111]Node inbound IP : 116.163.10.90, Geo : China Luohu, China Unicom Liaoning
[2021-10-18 16:48:06,235][INFO][4545322496][speed_test_methods.py:72]Testing latency to server.
[2021-10-18 16:48:08,139][INFO][4545322496][speed_test_methods.py:68]Testing latency to google.
[2021-10-18 16:48:10,924][INFO][4545322496][geo_ip.py:63]Starting Geo IP.
[2021-10-18 16:48:12,194][INFO][4545322496][speed_test.py:127]Node outbound IP : 45.87.95.105, Geo : Japan Osaka, xTom
[2021-10-18 16:48:12,195][INFO][4545322496][speed_test.py:135]Performing netflix test LOCAL_PORT: 1087.
[2021-10-18 16:48:14,695][INFO][4545322496][speed_test.py:153]Netflix IP : 126.208.75.182
[2021-10-18 16:48:15,855][INFO][4545322496][speed_test.py:167]Netflix test result: 仅自制剧.
[2021-10-18 16:48:15,856][INFO][4545322496][speed_test.py:218]Performing UDP NAT Type Test
[2021-10-18 16:48:17,283][INFO][4545322496][speed_test_methods.py:44]Starting speed test with FAST
[2021-10-18 16:48:17,283][WARNING][4545322496][speed_test.py:374]Re-testing node.
[2021-10-18 16:48:17,284][INFO][4545322496][speed_test_methods.py:44]Starting speed test with FAST
[2021-10-18 16:48:17,284][INFO][4545322496][speed_test.py:386][netflix] - [中国-日本 沪日IEPL传输 Equinix-TY8 C06 Netflix] - Loss: [0.00%] - TCP Ping: [89.00] - Google Loss: [0.00%] - Google Ping: [277.00] - AvgStSpeed: [0.00MB/s] - AvgMtSpeed: [0.00MB/s] - NAT Type: Full-cone NAT - Internal End: 10.10.20.57:54320 - Public End: 45.87.95.105:18315
[2021-10-18 16:48:17,285][INFO][4545322496][platform_check.py:9]Platform Info : macOS-11.6-x86_64-i386-64bit
[2021-10-18 16:48:17,285][INFO][4545322496][base_client.py:51]Client terminated.
[2021-10-18 16:48:18,290][INFO][4545322496][speed_test.py:242]Starting test netflix - 中国-日本 沪日IEPL传输 Equinix-TY8 C07 Netflix [17/30]
[2021-10-18 16:48:18,290][INFO][4545322496][platform_check.py:9]Platform Info : macOS-11.6-x86_64-i386-64bit
[2021-10-18 16:48:18,292][INFO][4545322496][platform_check.py:9]Platform Info : macOS-11.6-x86_64-i386-64bit
[2021-10-18 16:48:18,293][INFO][4545322496][platform_check.py:9]Platform Info : macOS-11.6-x86_64-i386-64bit
[2021-10-18 16:48:18,294][INFO][4545322496][platform_check.py:9]Platform Info : macOS-11.6-x86_64-i386-64bit
[2021-10-18 16:48:18,301][INFO][4545322496][client_shadowsocks.py:36]Starting Shadowsocks-libev with server jp07.cathayroute.com:33400
[2021-10-18 16:48:19,305][INFO][4545322496][speed_test.py:276]Client started.
[2021-10-18 16:48:20,308][INFO][4545322496][geo_ip.py:46]Translating jp07.cathayroute.com to ipv4.
[2021-10-18 16:48:20,309][INFO][4545322496][geo_ip.py:63]Starting Geo IP.
[2021-10-18 16:48:21,480][INFO][4545322496][speed_test.py:111]Node inbound IP : 58.241.102.200, Geo : China Nanjing, China Unicom Liaoning
[2021-10-18 16:48:21,480][INFO][4545322496][speed_test_methods.py:72]Testing latency to server.
[2021-10-18 16:48:23,045][INFO][4545322496][speed_test_methods.py:68]Testing latency to google.
[2021-10-18 16:48:24,920][INFO][4545322496][geo_ip.py:63]Starting Geo IP.
[2021-10-18 16:48:26,189][INFO][4545322496][speed_test.py:127]Node outbound IP : 103.159.159.228, Geo : Hong Kong Unknown City, Kirin Communication Limited
[2021-10-18 16:48:26,189][INFO][4545322496][speed_test.py:135]Performing netflix test LOCAL_PORT: 1087.
[2021-10-18 16:48:28,563][INFO][4545322496][speed_test.py:153]Netflix IP : 126.208.75.182
[2021-10-18 16:48:29,714][INFO][4545322496][speed_test.py:167]Netflix test result: 仅自制剧.
[2021-10-18 16:48:29,715][INFO][4545322496][speed_test.py:218]Performing UDP NAT Type Test
[2021-10-18 16:48:31,008][INFO][4545322496][speed_test_methods.py:44]Starting speed test with FAST
[2021-10-18 16:48:31,009][WARNING][4545322496][speed_test.py:374]Re-testing node.
[2021-10-18 16:48:31,009][INFO][4545322496][speed_test_methods.py:44]Starting speed test with FAST
[2021-10-18 16:48:31,009][INFO][4545322496][speed_test.py:386][netflix] - [中国-日本 沪日IEPL传输 Equinix-TY8 C07 Netflix] - Loss: [0.00%] - TCP Ping: [56.00] - Google Loss: [0.00%] - Google Ping: [187.00] - AvgStSpeed: [0.00MB/s] - AvgMtSpeed: [0.00MB/s] - NAT Type: Full-cone NAT - Internal End: 10.10.20.57:54320 - Public End: 103.159.159.228:37130
[2021-10-18 16:48:31,010][INFO][4545322496][platform_check.py:9]Platform Info : macOS-11.6-x86_64-i386-64bit
[2021-10-18 16:48:31,010][INFO][4545322496][base_client.py:51]Client terminated.
[2021-10-18 16:48:32,016][INFO][4545322496][speed_test.py:242]Starting test netflix - 中国-日本 沪日IEPL传输 Equinix-TY8 C08 Netflix [18/30]
[2021-10-18 16:48:32,016][INFO][4545322496][platform_check.py:9]Platform Info : macOS-11.6-x86_64-i386-64bit
[2021-10-18 16:48:32,020][INFO][4545322496][platform_check.py:9]Platform Info : macOS-11.6-x86_64-i386-64bit
[2021-10-18 16:48:32,021][INFO][4545322496][platform_check.py:9]Platform Info : macOS-11.6-x86_64-i386-64bit
[2021-10-18 16:48:32,021][INFO][4545322496][platform_check.py:9]Platform Info : macOS-11.6-x86_64-i386-64bit
[2021-10-18 16:48:32,031][INFO][4545322496][client_shadowsocks.py:36]Starting Shadowsocks-libev with server jp08.cathayroute.com:33400
[2021-10-18 16:48:33,035][INFO][4545322496][speed_test.py:276]Client started.
[2021-10-18 16:48:34,041][INFO][4545322496][geo_ip.py:46]Translating jp08.cathayroute.com to ipv4.
[2021-10-18 16:48:34,042][INFO][4545322496][geo_ip.py:63]Starting Geo IP.
[2021-10-18 16:48:35,462][INFO][4545322496][speed_test.py:111]Node inbound IP : 223.87.193.132, Geo : China Chengdu, China Mobile Guangdong
[2021-10-18 16:48:35,462][INFO][4545322496][speed_test_methods.py:72]Testing latency to server.
[2021-10-18 16:48:37,930][INFO][4545322496][speed_test_methods.py:68]Testing latency to google.
[2021-10-18 16:48:41,348][INFO][4545322496][geo_ip.py:63]Starting Geo IP.
[2021-10-18 16:48:42,785][INFO][4545322496][speed_test.py:127]Node outbound IP : 54.238.172.226, Geo : Japan Tokyo, Amazon.com
[2021-10-18 16:48:42,785][INFO][4545322496][speed_test.py:135]Performing netflix test LOCAL_PORT: 1087.
[2021-10-18 16:48:45,734][INFO][4545322496][speed_test.py:153]Netflix IP : 54.238.172.226
[2021-10-18 16:48:47,955][INFO][4545322496][speed_test.py:170]Netflix test result: 原生解锁.
[2021-10-18 16:48:47,955][INFO][4545322496][speed_test.py:218]Performing UDP NAT Type Test
[2021-10-18 16:48:49,846][INFO][4545322496][speed_test_methods.py:44]Starting speed test with FAST
[2021-10-18 16:48:49,846][WARNING][4545322496][speed_test.py:374]Re-testing node.
[2021-10-18 16:48:49,846][INFO][4545322496][speed_test_methods.py:44]Starting speed test with FAST
[2021-10-18 16:48:49,847][INFO][4545322496][speed_test.py:386][netflix] - [中国-日本 沪日IEPL传输 Equinix-TY8 C08 Netflix] - Loss: [0.00%] - TCP Ping: [146.00] - Google Loss: [0.00%] - Google Ping: [341.00] - AvgStSpeed: [0.00MB/s] - AvgMtSpeed: [0.00MB/s] - NAT Type: Full-cone NAT - Internal End: 10.10.20.57:54320 - Public End: 54.238.172.226:55875
[2021-10-18 16:48:49,847][INFO][4545322496][platform_check.py:9]Platform Info : macOS-11.6-x86_64-i386-64bit
[2021-10-18 16:48:49,848][INFO][4545322496][base_client.py:51]Client terminated.
[2021-10-18 16:48:50,853][INFO][4545322496][speed_test.py:242]Starting test netflix - 日本 ソフトバンク C01 500Mbps 1倍 Netflix [19/30]
[2021-10-18 16:48:50,854][INFO][4545322496][platform_check.py:9]Platform Info : macOS-11.6-x86_64-i386-64bit
[2021-10-18 16:48:50,855][INFO][4545322496][platform_check.py:9]Platform Info : macOS-11.6-x86_64-i386-64bit
[2021-10-18 16:48:50,856][INFO][4545322496][platform_check.py:9]Platform Info : macOS-11.6-x86_64-i386-64bit
[2021-10-18 16:48:50,856][INFO][4545322496][platform_check.py:9]Platform Info : macOS-11.6-x86_64-i386-64bit
[2021-10-18 16:48:50,862][INFO][4545322496][client_shadowsocks.py:36]Starting Shadowsocks-libev with server jpsb01.cathayroute.com:33400
[2021-10-18 16:48:51,867][INFO][4545322496][speed_test.py:276]Client started.
[2021-10-18 16:48:52,874][INFO][4545322496][geo_ip.py:46]Translating jpsb01.cathayroute.com to ipv4.
[2021-10-18 16:48:52,876][INFO][4545322496][geo_ip.py:63]Starting Geo IP.
[2021-10-18 16:48:53,995][INFO][4545322496][speed_test.py:111]Node inbound IP : 58.241.102.200, Geo : China Nanjing, China Unicom Liaoning
[2021-10-18 16:48:53,995][INFO][4545322496][speed_test_methods.py:72]Testing latency to server.
[2021-10-18 16:48:55,637][INFO][4545322496][speed_test_methods.py:68]Testing latency to google.
[2021-10-18 16:48:57,646][INFO][4545322496][geo_ip.py:63]Starting Geo IP.
[2021-10-18 16:48:59,148][INFO][4545322496][speed_test.py:127]Node outbound IP : 103.159.159.228, Geo : Hong Kong Unknown City, Kirin Communication Limited
[2021-10-18 16:48:59,149][INFO][4545322496][speed_test.py:135]Performing netflix test LOCAL_PORT: 1087.
[2021-10-18 16:49:02,332][INFO][4545322496][speed_test.py:153]Netflix IP : 126.208.75.182
[2021-10-18 16:49:03,374][INFO][4545322496][speed_test.py:167]Netflix test result: 仅自制剧.
[2021-10-18 16:49:03,375][INFO][4545322496][speed_test.py:218]Performing UDP NAT Type Test
[2021-10-18 16:49:04,619][ERROR][4545322496][speed_test.py:227]
Traceback (most recent call last):
  File "/Users/chinnsenn/Developments.localized/PythonProjects/SSRSpeedN-Mod/ssrspeed/speed_test/speed_test.py", line 219, in __nat_type_test
    t, eip, eport, sip = pynat.get_ip_info(
  File "/Users/chinnsenn/.pyenv/versions/3.9.5/lib/python3.9/site-packages/pynat.py", line 238, in get_ip_info
    source_ip = get_internal_ip(stun_addr)
  File "/Users/chinnsenn/.pyenv/versions/3.9.5/lib/python3.9/site-packages/pynat.py", line 163, in get_internal_ip
    sock.connect(test_addr)
socket.gaierror: [Errno 8] nodename nor servname provided, or not known
[2021-10-18 16:49:04,620][INFO][4545322496][speed_test_methods.py:44]Starting speed test with FAST
[2021-10-18 16:49:04,620][WARNING][4545322496][speed_test.py:374]Re-testing node.
[2021-10-18 16:49:04,620][INFO][4545322496][speed_test_methods.py:44]Starting speed test with FAST
[2021-10-18 16:49:04,620][INFO][4545322496][speed_test.py:386][netflix] - [日本 ソフトバンク C01 500Mbps 1倍 Netflix] - Loss: [0.00%] - TCP Ping: [63.00] - Google Loss: [0.00%] - Google Ping: [200.00] - AvgStSpeed: [0.00MB/s] - AvgMtSpeed: [0.00MB/s]
[2021-10-18 16:49:04,620][INFO][4545322496][platform_check.py:9]Platform Info : macOS-11.6-x86_64-i386-64bit
[2021-10-18 16:49:04,621][INFO][4545322496][base_client.py:51]Client terminated.
[2021-10-18 16:49:05,625][INFO][4545322496][speed_test.py:242]Starting test netflix - 日本 ソフトバンク C02 500Mbps 1倍 Netflix [20/30]
[2021-10-18 16:49:05,626][INFO][4545322496][platform_check.py:9]Platform Info : macOS-11.6-x86_64-i386-64bit
[2021-10-18 16:49:05,628][INFO][4545322496][platform_check.py:9]Platform Info : macOS-11.6-x86_64-i386-64bit
[2021-10-18 16:49:05,628][INFO][4545322496][platform_check.py:9]Platform Info : macOS-11.6-x86_64-i386-64bit
[2021-10-18 16:49:05,628][INFO][4545322496][platform_check.py:9]Platform Info : macOS-11.6-x86_64-i386-64bit
[2021-10-18 16:49:05,634][INFO][4545322496][client_shadowsocks.py:36]Starting Shadowsocks-libev with server jpsb02.cathayroute.com:33400
[2021-10-18 16:49:06,641][INFO][4545322496][speed_test.py:276]Client started.
[2021-10-18 16:49:07,648][INFO][4545322496][geo_ip.py:46]Translating jpsb02.cathayroute.com to ipv4.
[2021-10-18 16:49:07,660][INFO][4545322496][geo_ip.py:63]Starting Geo IP.
[2021-10-18 16:49:08,789][INFO][4545322496][speed_test.py:111]Node inbound IP : 58.241.102.201, Geo : China Nanjing, China Unicom Liaoning
[2021-10-18 16:49:08,789][INFO][4545322496][speed_test_methods.py:72]Testing latency to server.
[2021-10-18 16:49:10,387][INFO][4545322496][speed_test_methods.py:68]Testing latency to google.
[2021-10-18 16:49:12,189][INFO][4545322496][geo_ip.py:63]Starting Geo IP.
[2021-10-18 16:49:13,354][INFO][4545322496][speed_test.py:127]Node outbound IP : 103.159.159.229, Geo : Hong Kong Unknown City, Kirin Communication Limited
[2021-10-18 16:49:13,354][INFO][4545322496][speed_test.py:135]Performing netflix test LOCAL_PORT: 1087.
[2021-10-18 16:49:16,200][INFO][4545322496][speed_test.py:153]Netflix IP : 126.208.75.182
[2021-10-18 16:49:17,264][INFO][4545322496][speed_test.py:167]Netflix test result: 仅自制剧.
[2021-10-18 16:49:17,265][INFO][4545322496][speed_test.py:218]Performing UDP NAT Type Test
[2021-10-18 16:49:19,138][INFO][4545322496][speed_test_methods.py:44]Starting speed test with FAST
[2021-10-18 16:49:19,139][WARNING][4545322496][speed_test.py:374]Re-testing node.
[2021-10-18 16:49:19,139][INFO][4545322496][speed_test_methods.py:44]Starting speed test with FAST
[2021-10-18 16:49:19,139][INFO][4545322496][speed_test.py:386][netflix] - [日本 ソフトバンク C02 500Mbps 1倍 Netflix] - Loss: [0.00%] - TCP Ping: [59.00] - Google Loss: [0.00%] - Google Ping: [179.00] - AvgStSpeed: [0.00MB/s] - AvgMtSpeed: [0.00MB/s] - NAT Type: Full-cone NAT - Internal End: 10.10.20.57:54320 - Public End: 103.159.159.229:31545
[2021-10-18 16:49:19,140][INFO][4545322496][platform_check.py:9]Platform Info : macOS-11.6-x86_64-i386-64bit
[2021-10-18 16:49:19,141][INFO][4545322496][base_client.py:51]Client terminated.
[2021-10-18 16:49:20,145][INFO][4545322496][speed_test.py:242]Starting test netflix - 日本 ソフトバンク C03 500Mbps 1倍 Netflix [21/30]
[2021-10-18 16:49:20,146][INFO][4545322496][platform_check.py:9]Platform Info : macOS-11.6-x86_64-i386-64bit
[2021-10-18 16:49:20,146][INFO][4545322496][platform_check.py:9]Platform Info : macOS-11.6-x86_64-i386-64bit
[2021-10-18 16:49:20,147][INFO][4545322496][platform_check.py:9]Platform Info : macOS-11.6-x86_64-i386-64bit
[2021-10-18 16:49:20,147][INFO][4545322496][platform_check.py:9]Platform Info : macOS-11.6-x86_64-i386-64bit
[2021-10-18 16:49:20,152][INFO][4545322496][client_shadowsocks.py:36]Starting Shadowsocks-libev with server jpsb03.cathayroute.com:33400
[2021-10-18 16:49:21,159][INFO][4545322496][speed_test.py:276]Client started.
[2021-10-18 16:49:22,164][INFO][4545322496][geo_ip.py:46]Translating jpsb03.cathayroute.com to ipv4.
[2021-10-18 16:49:22,165][INFO][4545322496][geo_ip.py:63]Starting Geo IP.
[2021-10-18 16:49:23,416][INFO][4545322496][speed_test.py:111]Node inbound IP : 116.163.10.89, Geo : China Luohu, China Unicom Liaoning
[2021-10-18 16:49:23,416][INFO][4545322496][speed_test_methods.py:72]Testing latency to server.
[2021-10-18 16:49:25,667][INFO][4545322496][speed_test_methods.py:68]Testing latency to google.
[2021-10-18 16:49:28,028][INFO][4545322496][geo_ip.py:63]Starting Geo IP.
[2021-10-18 16:49:29,381][INFO][4545322496][speed_test.py:127]Node outbound IP : 45.87.95.104, Geo : Japan Osaka, xTom
[2021-10-18 16:49:29,381][INFO][4545322496][speed_test.py:135]Performing netflix test LOCAL_PORT: 1087.
[2021-10-18 16:49:31,750][INFO][4545322496][speed_test.py:153]Netflix IP : 126.208.75.182
[2021-10-18 16:49:33,056][INFO][4545322496][speed_test.py:167]Netflix test result: 仅自制剧.
[2021-10-18 16:49:33,057][INFO][4545322496][speed_test.py:218]Performing UDP NAT Type Test
[2021-10-18 16:49:34,610][INFO][4545322496][speed_test_methods.py:44]Starting speed test with FAST
[2021-10-18 16:49:34,611][WARNING][4545322496][speed_test.py:374]Re-testing node.
[2021-10-18 16:49:34,611][INFO][4545322496][speed_test_methods.py:44]Starting speed test with FAST
[2021-10-18 16:49:34,612][INFO][4545322496][speed_test.py:386][netflix] - [日本 ソフトバンク C03 500Mbps 1倍 Netflix] - Loss: [0.00%] - TCP Ping: [124.00] - Google Loss: [0.00%] - Google Ping: [235.00] - AvgStSpeed: [0.00MB/s] - AvgMtSpeed: [0.00MB/s] - NAT Type: Full-cone NAT - Internal End: 10.10.20.57:54320 - Public End: 45.87.95.104:14047
[2021-10-18 16:49:34,613][INFO][4545322496][platform_check.py:9]Platform Info : macOS-11.6-x86_64-i386-64bit
[2021-10-18 16:49:34,613][INFO][4545322496][base_client.py:51]Client terminated.
[2021-10-18 16:49:35,614][INFO][4545322496][speed_test.py:242]Starting test netflix - 日本 ソフトバンク C04 500Mbps 1倍 Netflix [22/30]
[2021-10-18 16:49:35,615][INFO][4545322496][platform_check.py:9]Platform Info : macOS-11.6-x86_64-i386-64bit
[2021-10-18 16:49:35,617][INFO][4545322496][platform_check.py:9]Platform Info : macOS-11.6-x86_64-i386-64bit
[2021-10-18 16:49:35,618][INFO][4545322496][platform_check.py:9]Platform Info : macOS-11.6-x86_64-i386-64bit
[2021-10-18 16:49:35,618][INFO][4545322496][platform_check.py:9]Platform Info : macOS-11.6-x86_64-i386-64bit
[2021-10-18 16:49:35,626][INFO][4545322496][client_shadowsocks.py:36]Starting Shadowsocks-libev with server jpsb04.cathayroute.com:33400
[2021-10-18 16:49:36,631][INFO][4545322496][speed_test.py:276]Client started.
[2021-10-18 16:49:37,635][INFO][4545322496][geo_ip.py:46]Translating jpsb04.cathayroute.com to ipv4.
[2021-10-18 16:49:37,637][INFO][4545322496][geo_ip.py:63]Starting Geo IP.
[2021-10-18 16:49:38,901][INFO][4545322496][speed_test.py:111]Node inbound IP : 116.163.10.90, Geo : China Luohu, China Unicom Liaoning
[2021-10-18 16:49:38,901][INFO][4545322496][speed_test_methods.py:72]Testing latency to server.
[2021-10-18 16:49:40,786][INFO][4545322496][speed_test_methods.py:68]Testing latency to google.
[2021-10-18 16:49:43,345][INFO][4545322496][geo_ip.py:63]Starting Geo IP.
[2021-10-18 16:49:44,641][INFO][4545322496][speed_test.py:127]Node outbound IP : 45.87.95.105, Geo : Japan Osaka, xTom
[2021-10-18 16:49:44,642][INFO][4545322496][speed_test.py:135]Performing netflix test LOCAL_PORT: 1087.
[2021-10-18 16:49:46,857][INFO][4545322496][speed_test.py:153]Netflix IP : 126.208.75.182
[2021-10-18 16:49:48,073][INFO][4545322496][speed_test.py:167]Netflix test result: 仅自制剧.
[2021-10-18 16:49:48,074][INFO][4545322496][speed_test.py:218]Performing UDP NAT Type Test
[2021-10-18 16:49:49,955][INFO][4545322496][speed_test_methods.py:44]Starting speed test with FAST
[2021-10-18 16:49:49,956][WARNING][4545322496][speed_test.py:374]Re-testing node.
[2021-10-18 16:49:49,956][INFO][4545322496][speed_test_methods.py:44]Starting speed test with FAST
[2021-10-18 16:49:49,957][INFO][4545322496][speed_test.py:386][netflix] - [日本 ソフトバンク C04 500Mbps 1倍 Netflix] - Loss: [0.00%] - TCP Ping: [87.00] - Google Loss: [0.00%] - Google Ping: [255.00] - AvgStSpeed: [0.00MB/s] - AvgMtSpeed: [0.00MB/s] - NAT Type: Full-cone NAT - Internal End: 10.10.20.57:54320 - Public End: 45.87.95.105:63209
[2021-10-18 16:49:49,957][INFO][4545322496][platform_check.py:9]Platform Info : macOS-11.6-x86_64-i386-64bit
[2021-10-18 16:49:49,958][INFO][4545322496][base_client.py:51]Client terminated.
[2021-10-18 16:49:50,963][INFO][4545322496][speed_test.py:242]Starting test netflix - 日本 ソフトバンク C05 500Mbps 1倍 Netflix [23/30]
[2021-10-18 16:49:50,963][INFO][4545322496][platform_check.py:9]Platform Info : macOS-11.6-x86_64-i386-64bit
[2021-10-18 16:49:50,965][INFO][4545322496][platform_check.py:9]Platform Info : macOS-11.6-x86_64-i386-64bit
[2021-10-18 16:49:50,965][INFO][4545322496][platform_check.py:9]Platform Info : macOS-11.6-x86_64-i386-64bit
[2021-10-18 16:49:50,965][INFO][4545322496][platform_check.py:9]Platform Info : macOS-11.6-x86_64-i386-64bit
[2021-10-18 16:49:50,971][INFO][4545322496][client_shadowsocks.py:36]Starting Shadowsocks-libev with server jpsb05.cathayroute.com:33400
[2021-10-18 16:49:51,977][INFO][4545322496][speed_test.py:276]Client started.
[2021-10-18 16:49:52,983][INFO][4545322496][geo_ip.py:46]Translating jpsb05.cathayroute.com to ipv4.
[2021-10-18 16:49:52,985][INFO][4545322496][geo_ip.py:63]Starting Geo IP.
[2021-10-18 16:49:54,164][INFO][4545322496][speed_test.py:111]Node inbound IP : 58.241.102.200, Geo : China Nanjing, China Unicom Liaoning
[2021-10-18 16:49:54,165][INFO][4545322496][speed_test_methods.py:72]Testing latency to server.
[2021-10-18 16:49:55,727][INFO][4545322496][speed_test_methods.py:68]Testing latency to google.
[2021-10-18 16:49:57,468][INFO][4545322496][geo_ip.py:63]Starting Geo IP.
[2021-10-18 16:49:59,688][INFO][4545322496][speed_test.py:127]Node outbound IP : 103.159.159.228, Geo : Hong Kong Unknown City, Kirin Communication Limited
[2021-10-18 16:49:59,689][INFO][4545322496][speed_test.py:135]Performing netflix test LOCAL_PORT: 1087.
[2021-10-18 16:50:01,716][INFO][4545322496][speed_test.py:153]Netflix IP : 126.208.75.182
[2021-10-18 16:50:02,767][INFO][4545322496][speed_test.py:167]Netflix test result: 仅自制剧.
[2021-10-18 16:50:02,768][INFO][4545322496][speed_test.py:218]Performing UDP NAT Type Test
[2021-10-18 16:50:03,886][INFO][4545322496][speed_test_methods.py:44]Starting speed test with FAST
[2021-10-18 16:50:03,886][WARNING][4545322496][speed_test.py:374]Re-testing node.
[2021-10-18 16:50:03,886][INFO][4545322496][speed_test_methods.py:44]Starting speed test with FAST
[2021-10-18 16:50:03,886][INFO][4545322496][speed_test.py:386][netflix] - [日本 ソフトバンク C05 500Mbps 1倍 Netflix] - Loss: [0.00%] - TCP Ping: [55.00] - Google Loss: [0.00%] - Google Ping: [173.00] - AvgStSpeed: [0.00MB/s] - AvgMtSpeed: [0.00MB/s] - NAT Type: Full-cone NAT - Internal End: 10.10.20.57:54320 - Public End: 103.159.159.228:23554
[2021-10-18 16:50:03,887][INFO][4545322496][platform_check.py:9]Platform Info : macOS-11.6-x86_64-i386-64bit
[2021-10-18 16:50:03,887][INFO][4545322496][base_client.py:51]Client terminated.
[2021-10-18 16:50:04,888][INFO][4545322496][speed_test.py:242]Starting test netflix - 日本 ソフトバンク C06 500Mbps 1倍 Netflix [24/30]
[2021-10-18 16:50:04,888][INFO][4545322496][platform_check.py:9]Platform Info : macOS-11.6-x86_64-i386-64bit
[2021-10-18 16:50:04,889][INFO][4545322496][platform_check.py:9]Platform Info : macOS-11.6-x86_64-i386-64bit
[2021-10-18 16:50:04,889][INFO][4545322496][platform_check.py:9]Platform Info : macOS-11.6-x86_64-i386-64bit
[2021-10-18 16:50:04,889][INFO][4545322496][platform_check.py:9]Platform Info : macOS-11.6-x86_64-i386-64bit
[2021-10-18 16:50:04,895][INFO][4545322496][client_shadowsocks.py:36]Starting Shadowsocks-libev with server jpsb06.cathayroute.com:33400
[2021-10-18 16:50:05,900][INFO][4545322496][speed_test.py:276]Client started.
[2021-10-18 16:50:06,905][INFO][4545322496][geo_ip.py:46]Translating jpsb06.cathayroute.com to ipv4.
[2021-10-18 16:50:06,906][INFO][4545322496][geo_ip.py:63]Starting Geo IP.
[2021-10-18 16:50:08,398][INFO][4545322496][speed_test.py:111]Node inbound IP : 223.87.193.132, Geo : China Chengdu, China Mobile Guangdong
[2021-10-18 16:50:08,398][INFO][4545322496][speed_test_methods.py:72]Testing latency to server.
[2021-10-18 16:50:10,925][INFO][4545322496][speed_test_methods.py:68]Testing latency to google.
[2021-10-18 16:50:14,403][INFO][4545322496][geo_ip.py:63]Starting Geo IP.
[2021-10-18 16:50:15,972][INFO][4545322496][speed_test.py:127]Node outbound IP : 54.238.172.226, Geo : Japan Tokyo, Amazon.com
[2021-10-18 16:50:15,972][INFO][4545322496][speed_test.py:135]Performing netflix test LOCAL_PORT: 1087.
[2021-10-18 16:50:18,737][INFO][4545322496][speed_test.py:153]Netflix IP : 54.238.172.226
[2021-10-18 16:50:21,777][INFO][4545322496][speed_test.py:170]Netflix test result: 原生解锁.
[2021-10-18 16:50:21,778][INFO][4545322496][speed_test.py:218]Performing UDP NAT Type Test
[2021-10-18 16:50:22,729][INFO][4545322496][speed_test_methods.py:44]Starting speed test with FAST
[2021-10-18 16:50:22,730][WARNING][4545322496][speed_test.py:374]Re-testing node.
[2021-10-18 16:50:22,730][INFO][4545322496][speed_test_methods.py:44]Starting speed test with FAST
[2021-10-18 16:50:22,730][INFO][4545322496][speed_test.py:386][netflix] - [日本 ソフトバンク C06 500Mbps 1倍 Netflix] - Loss: [0.00%] - TCP Ping: [152.00] - Google Loss: [0.00%] - Google Ping: [347.00] - AvgStSpeed: [0.00MB/s] - AvgMtSpeed: [0.00MB/s] - NAT Type: Full-cone NAT - Internal End: 10.10.20.57:54320 - Public End: 54.238.172.226:15917
[2021-10-18 16:50:22,731][INFO][4545322496][platform_check.py:9]Platform Info : macOS-11.6-x86_64-i386-64bit
[2021-10-18 16:50:22,731][INFO][4545322496][base_client.py:51]Client terminated.
[2021-10-18 16:50:23,735][INFO][4545322496][speed_test.py:242]Starting test netflix - 日本 ソフトバンク C07 500Mbps 1倍 Netflix [25/30]
[2021-10-18 16:50:23,735][INFO][4545322496][platform_check.py:9]Platform Info : macOS-11.6-x86_64-i386-64bit
[2021-10-18 16:50:23,736][INFO][4545322496][platform_check.py:9]Platform Info : macOS-11.6-x86_64-i386-64bit
[2021-10-18 16:50:23,736][INFO][4545322496][platform_check.py:9]Platform Info : macOS-11.6-x86_64-i386-64bit
[2021-10-18 16:50:23,737][INFO][4545322496][platform_check.py:9]Platform Info : macOS-11.6-x86_64-i386-64bit
[2021-10-18 16:50:23,741][INFO][4545322496][client_shadowsocks.py:36]Starting Shadowsocks-libev with server jpsb07.cathayroute.com:33400
[2021-10-18 16:50:24,747][INFO][4545322496][speed_test.py:276]Client started.
[2021-10-18 16:50:25,753][INFO][4545322496][geo_ip.py:46]Translating jpsb07.cathayroute.com to ipv4.
[2021-10-18 16:50:25,754][INFO][4545322496][geo_ip.py:63]Starting Geo IP.
[2021-10-18 16:50:27,245][INFO][4545322496][speed_test.py:111]Node inbound IP : 223.87.193.132, Geo : China Chengdu, China Mobile Guangdong
[2021-10-18 16:50:27,245][INFO][4545322496][speed_test_methods.py:72]Testing latency to server.
[2021-10-18 16:50:29,720][INFO][4545322496][speed_test_methods.py:68]Testing latency to google.
[2021-10-18 16:50:33,951][INFO][4545322496][geo_ip.py:63]Starting Geo IP.
[2021-10-18 16:50:35,542][INFO][4545322496][speed_test.py:127]Node outbound IP : 54.238.172.226, Geo : Japan Tokyo, Amazon.com
[2021-10-18 16:50:35,542][INFO][4545322496][speed_test.py:135]Performing netflix test LOCAL_PORT: 1087.
[2021-10-18 16:50:38,453][INFO][4545322496][speed_test.py:153]Netflix IP : 54.238.172.226
[2021-10-18 16:50:41,010][INFO][4545322496][speed_test.py:170]Netflix test result: 原生解锁.
[2021-10-18 16:50:41,011][INFO][4545322496][speed_test.py:218]Performing UDP NAT Type Test
[2021-10-18 16:50:43,021][INFO][4545322496][speed_test_methods.py:44]Starting speed test with FAST
[2021-10-18 16:50:43,021][WARNING][4545322496][speed_test.py:374]Re-testing node.
[2021-10-18 16:50:43,022][INFO][4545322496][speed_test_methods.py:44]Starting speed test with FAST
[2021-10-18 16:50:43,022][INFO][4545322496][speed_test.py:386][netflix] - [日本 ソフトバンク C07 500Mbps 1倍 Netflix] - Loss: [0.00%] - TCP Ping: [147.00] - Google Loss: [0.00%] - Google Ping: [422.00] - AvgStSpeed: [0.00MB/s] - AvgMtSpeed: [0.00MB/s] - NAT Type: Full-cone NAT - Internal End: 10.10.20.57:54320 - Public End: 54.238.172.226:32326
[2021-10-18 16:50:43,023][INFO][4545322496][platform_check.py:9]Platform Info : macOS-11.6-x86_64-i386-64bit
[2021-10-18 16:50:43,023][INFO][4545322496][base_client.py:51]Client terminated.
[2021-10-18 16:50:44,028][INFO][4545322496][speed_test.py:242]Starting test netflix - 日本 ソフトバンク C08 500Mbps 1倍 Netflix [26/30]
[2021-10-18 16:50:44,028][INFO][4545322496][platform_check.py:9]Platform Info : macOS-11.6-x86_64-i386-64bit
[2021-10-18 16:50:44,029][INFO][4545322496][platform_check.py:9]Platform Info : macOS-11.6-x86_64-i386-64bit
[2021-10-18 16:50:44,029][INFO][4545322496][platform_check.py:9]Platform Info : macOS-11.6-x86_64-i386-64bit
[2021-10-18 16:50:44,029][INFO][4545322496][platform_check.py:9]Platform Info : macOS-11.6-x86_64-i386-64bit
[2021-10-18 16:50:44,033][INFO][4545322496][client_shadowsocks.py:36]Starting Shadowsocks-libev with server jpsb08.cathayroute.com:33400
[2021-10-18 16:50:45,039][INFO][4545322496][speed_test.py:276]Client started.
[2021-10-18 16:50:46,045][INFO][4545322496][geo_ip.py:46]Translating jpsb08.cathayroute.com to ipv4.
[2021-10-18 16:50:46,046][INFO][4545322496][geo_ip.py:63]Starting Geo IP.
[2021-10-18 16:50:47,297][INFO][4545322496][speed_test.py:111]Node inbound IP : 116.163.10.90, Geo : China Luohu, China Unicom Liaoning
[2021-10-18 16:50:47,298][INFO][4545322496][speed_test_methods.py:72]Testing latency to server.
[2021-10-18 16:50:49,366][INFO][4545322496][speed_test_methods.py:68]Testing latency to google.
[2021-10-18 16:50:52,390][INFO][4545322496][geo_ip.py:63]Starting Geo IP.
[2021-10-18 16:50:53,837][INFO][4545322496][speed_test.py:127]Node outbound IP : 45.87.95.105, Geo : Japan Osaka, xTom
[2021-10-18 16:50:53,838][INFO][4545322496][speed_test.py:135]Performing netflix test LOCAL_PORT: 1087.
[2021-10-18 16:50:56,360][INFO][4545322496][speed_test.py:153]Netflix IP : 126.208.75.182
[2021-10-18 16:50:57,666][INFO][4545322496][speed_test.py:167]Netflix test result: 仅自制剧.
[2021-10-18 16:50:57,666][INFO][4545322496][speed_test.py:218]Performing UDP NAT Type Test
[2021-10-18 16:50:58,764][INFO][4545322496][speed_test_methods.py:44]Starting speed test with FAST
[2021-10-18 16:50:58,764][WARNING][4545322496][speed_test.py:374]Re-testing node.
[2021-10-18 16:50:58,765][INFO][4545322496][speed_test_methods.py:44]Starting speed test with FAST
[2021-10-18 16:50:58,765][INFO][4545322496][speed_test.py:386][netflix] - [日本 ソフトバンク C08 500Mbps 1倍 Netflix] - Loss: [0.00%] - TCP Ping: [106.00] - Google Loss: [0.00%] - Google Ping: [301.00] - AvgStSpeed: [0.00MB/s] - AvgMtSpeed: [0.00MB/s] - NAT Type: Full-cone NAT - Internal End: 10.10.20.57:54320 - Public End: 45.87.95.105:60671
[2021-10-18 16:50:58,766][INFO][4545322496][platform_check.py:9]Platform Info : macOS-11.6-x86_64-i386-64bit
[2021-10-18 16:50:58,767][INFO][4545322496][base_client.py:51]Client terminated.
[2021-10-18 16:50:59,769][INFO][4545322496][speed_test.py:242]Starting test netflix - 日本 ソフトバンク C09 500Mbps 1倍 Netflix [27/30]
[2021-10-18 16:50:59,769][INFO][4545322496][platform_check.py:9]Platform Info : macOS-11.6-x86_64-i386-64bit
[2021-10-18 16:50:59,770][INFO][4545322496][platform_check.py:9]Platform Info : macOS-11.6-x86_64-i386-64bit
[2021-10-18 16:50:59,771][INFO][4545322496][platform_check.py:9]Platform Info : macOS-11.6-x86_64-i386-64bit
[2021-10-18 16:50:59,771][INFO][4545322496][platform_check.py:9]Platform Info : macOS-11.6-x86_64-i386-64bit
[2021-10-18 16:50:59,777][INFO][4545322496][client_shadowsocks.py:36]Starting Shadowsocks-libev with server jpsb09.cathayroute.com:33400
[2021-10-18 16:51:00,784][INFO][4545322496][speed_test.py:276]Client started.
[2021-10-18 16:51:01,792][INFO][4545322496][geo_ip.py:46]Translating jpsb09.cathayroute.com to ipv4.
[2021-10-18 16:51:01,794][INFO][4545322496][geo_ip.py:63]Starting Geo IP.
[2021-10-18 16:51:02,987][INFO][4545322496][speed_test.py:111]Node inbound IP : 58.241.102.200, Geo : China Nanjing, China Unicom Liaoning
[2021-10-18 16:51:02,988][INFO][4545322496][speed_test_methods.py:72]Testing latency to server.
[2021-10-18 16:51:05,129][INFO][4545322496][speed_test_methods.py:68]Testing latency to google.
[2021-10-18 16:51:07,094][INFO][4545322496][geo_ip.py:63]Starting Geo IP.
[2021-10-18 16:51:08,197][INFO][4545322496][speed_test.py:127]Node outbound IP : 103.159.159.228, Geo : Hong Kong Unknown City, Kirin Communication Limited
[2021-10-18 16:51:08,197][INFO][4545322496][speed_test.py:135]Performing netflix test LOCAL_PORT: 1087.
[2021-10-18 16:51:10,504][INFO][4545322496][speed_test.py:153]Netflix IP : 126.208.75.182
[2021-10-18 16:51:11,662][INFO][4545322496][speed_test.py:167]Netflix test result: 仅自制剧.
[2021-10-18 16:51:11,663][INFO][4545322496][speed_test.py:218]Performing UDP NAT Type Test
[2021-10-18 16:51:12,377][INFO][4545322496][speed_test_methods.py:44]Starting speed test with FAST
[2021-10-18 16:51:12,378][WARNING][4545322496][speed_test.py:374]Re-testing node.
[2021-10-18 16:51:12,378][INFO][4545322496][speed_test_methods.py:44]Starting speed test with FAST
[2021-10-18 16:51:12,378][INFO][4545322496][speed_test.py:386][netflix] - [日本 ソフトバンク C09 500Mbps 1倍 Netflix] - Loss: [0.00%] - TCP Ping: [113.00] - Google Loss: [0.00%] - Google Ping: [195.00] - AvgStSpeed: [0.00MB/s] - AvgMtSpeed: [0.00MB/s] - NAT Type: Full-cone NAT - Internal End: 10.10.20.57:54320 - Public End: 103.159.159.228:34227
[2021-10-18 16:51:12,379][INFO][4545322496][platform_check.py:9]Platform Info : macOS-11.6-x86_64-i386-64bit
[2021-10-18 16:51:12,379][INFO][4545322496][base_client.py:51]Client terminated.
[2021-10-18 16:51:13,385][INFO][4545322496][speed_test.py:242]Starting test netflix - 日本 ソフトバンク C10 500Mbps 1倍 Netflix [28/30]
[2021-10-18 16:51:13,386][INFO][4545322496][platform_check.py:9]Platform Info : macOS-11.6-x86_64-i386-64bit
[2021-10-18 16:51:13,389][INFO][4545322496][platform_check.py:9]Platform Info : macOS-11.6-x86_64-i386-64bit
[2021-10-18 16:51:13,390][INFO][4545322496][platform_check.py:9]Platform Info : macOS-11.6-x86_64-i386-64bit
[2021-10-18 16:51:13,390][INFO][4545322496][platform_check.py:9]Platform Info : macOS-11.6-x86_64-i386-64bit
[2021-10-18 16:51:13,398][INFO][4545322496][client_shadowsocks.py:36]Starting Shadowsocks-libev with server jpsb10.cathayroute.com:33400
[2021-10-18 16:51:14,402][INFO][4545322496][speed_test.py:276]Client started.
[2021-10-18 16:51:15,409][INFO][4545322496][geo_ip.py:46]Translating jpsb10.cathayroute.com to ipv4.
[2021-10-18 16:51:15,411][INFO][4545322496][geo_ip.py:63]Starting Geo IP.
[2021-10-18 16:51:16,697][INFO][4545322496][speed_test.py:111]Node inbound IP : 58.241.102.201, Geo : China Nanjing, China Unicom Liaoning
[2021-10-18 16:51:16,697][INFO][4545322496][speed_test_methods.py:72]Testing latency to server.
[2021-10-18 16:51:18,367][INFO][4545322496][speed_test_methods.py:68]Testing latency to google.
[2021-10-18 16:51:20,562][INFO][4545322496][geo_ip.py:63]Starting Geo IP.
[2021-10-18 16:51:21,631][INFO][4545322496][speed_test.py:127]Node outbound IP : 103.159.159.229, Geo : Hong Kong Unknown City, Kirin Communication Limited
[2021-10-18 16:51:21,632][INFO][4545322496][speed_test.py:135]Performing netflix test LOCAL_PORT: 1087.
[2021-10-18 16:51:23,863][INFO][4545322496][speed_test.py:153]Netflix IP : 126.208.75.182
[2021-10-18 16:51:24,930][INFO][4545322496][speed_test.py:167]Netflix test result: 仅自制剧.
[2021-10-18 16:51:24,930][INFO][4545322496][speed_test.py:218]Performing UDP NAT Type Test
[2021-10-18 16:51:25,649][INFO][4545322496][speed_test_methods.py:44]Starting speed test with FAST
[2021-10-18 16:51:25,651][WARNING][4545322496][speed_test.py:374]Re-testing node.
[2021-10-18 16:51:25,651][INFO][4545322496][speed_test_methods.py:44]Starting speed test with FAST
[2021-10-18 16:51:25,652][INFO][4545322496][speed_test.py:386][netflix] - [日本 ソフトバンク C10 500Mbps 1倍 Netflix] - Loss: [0.00%] - TCP Ping: [66.00] - Google Loss: [0.00%] - Google Ping: [218.00] - AvgStSpeed: [0.00MB/s] - AvgMtSpeed: [0.00MB/s] - NAT Type: Full-cone NAT - Internal End: 10.10.20.57:54320 - Public End: 103.159.159.229:55048
[2021-10-18 16:51:25,652][INFO][4545322496][platform_check.py:9]Platform Info : macOS-11.6-x86_64-i386-64bit
[2021-10-18 16:51:25,652][INFO][4545322496][base_client.py:51]Client terminated.
[2021-10-18 16:51:26,656][INFO][4545322496][speed_test.py:242]Starting test netflix - 日本 ソフトバンク C11 500Mbps 1倍 Netflix [29/30]
[2021-10-18 16:51:26,657][INFO][4545322496][platform_check.py:9]Platform Info : macOS-11.6-x86_64-i386-64bit
[2021-10-18 16:51:26,659][INFO][4545322496][platform_check.py:9]Platform Info : macOS-11.6-x86_64-i386-64bit
[2021-10-18 16:51:26,659][INFO][4545322496][platform_check.py:9]Platform Info : macOS-11.6-x86_64-i386-64bit
[2021-10-18 16:51:26,659][INFO][4545322496][platform_check.py:9]Platform Info : macOS-11.6-x86_64-i386-64bit
[2021-10-18 16:51:26,666][INFO][4545322496][client_shadowsocks.py:36]Starting Shadowsocks-libev with server jpsb11.cathayroute.com:33400
[2021-10-18 16:51:27,674][INFO][4545322496][speed_test.py:276]Client started.
[2021-10-18 16:51:28,681][INFO][4545322496][geo_ip.py:46]Translating jpsb11.cathayroute.com to ipv4.
[2021-10-18 16:51:28,683][INFO][4545322496][geo_ip.py:63]Starting Geo IP.
[2021-10-18 16:51:29,950][INFO][4545322496][speed_test.py:111]Node inbound IP : 116.163.10.89, Geo : China Luohu, China Unicom Liaoning
[2021-10-18 16:51:29,950][INFO][4545322496][speed_test_methods.py:72]Testing latency to server.
[2021-10-18 16:51:31,858][INFO][4545322496][speed_test_methods.py:68]Testing latency to google.
[2021-10-18 16:51:34,458][INFO][4545322496][geo_ip.py:63]Starting Geo IP.
[2021-10-18 16:51:35,680][INFO][4545322496][speed_test.py:127]Node outbound IP : 45.87.95.104, Geo : Japan Osaka, xTom
[2021-10-18 16:51:35,680][INFO][4545322496][speed_test.py:135]Performing netflix test LOCAL_PORT: 1087.
[2021-10-18 16:51:38,475][INFO][4545322496][speed_test.py:153]Netflix IP : 126.208.75.182
[2021-10-18 16:51:39,945][INFO][4545322496][speed_test.py:167]Netflix test result: 仅自制剧.
[2021-10-18 16:51:39,945][INFO][4545322496][speed_test.py:218]Performing UDP NAT Type Test
[2021-10-18 16:51:40,726][INFO][4545322496][speed_test_methods.py:44]Starting speed test with FAST
[2021-10-18 16:51:40,727][WARNING][4545322496][speed_test.py:374]Re-testing node.
[2021-10-18 16:51:40,727][INFO][4545322496][speed_test_methods.py:44]Starting speed test with FAST
[2021-10-18 16:51:40,727][INFO][4545322496][speed_test.py:386][netflix] - [日本 ソフトバンク C11 500Mbps 1倍 Netflix] - Loss: [0.00%] - TCP Ping: [90.00] - Google Loss: [0.00%] - Google Ping: [259.00] - AvgStSpeed: [0.00MB/s] - AvgMtSpeed: [0.00MB/s] - NAT Type: Full-cone NAT - Internal End: 10.10.20.57:54320 - Public End: 45.87.95.104:55729
[2021-10-18 16:51:40,728][INFO][4545322496][platform_check.py:9]Platform Info : macOS-11.6-x86_64-i386-64bit
[2021-10-18 16:51:40,728][INFO][4545322496][base_client.py:51]Client terminated.
[2021-10-18 16:51:41,733][INFO][4545322496][speed_test.py:242]Starting test netflix - 日本 ソフトバンク C12 500Mbps 1倍 Netflix [30/30]
[2021-10-18 16:51:41,733][INFO][4545322496][platform_check.py:9]Platform Info : macOS-11.6-x86_64-i386-64bit
[2021-10-18 16:51:41,734][INFO][4545322496][platform_check.py:9]Platform Info : macOS-11.6-x86_64-i386-64bit
[2021-10-18 16:51:41,734][INFO][4545322496][platform_check.py:9]Platform Info : macOS-11.6-x86_64-i386-64bit
[2021-10-18 16:51:41,735][INFO][4545322496][platform_check.py:9]Platform Info : macOS-11.6-x86_64-i386-64bit
[2021-10-18 16:51:41,740][INFO][4545322496][client_shadowsocks.py:36]Starting Shadowsocks-libev with server jpsb12.cathayroute.com:33400
[2021-10-18 16:51:42,746][INFO][4545322496][speed_test.py:276]Client started.
[2021-10-18 16:51:43,754][INFO][4545322496][geo_ip.py:46]Translating jpsb12.cathayroute.com to ipv4.
[2021-10-18 16:51:43,756][INFO][4545322496][geo_ip.py:63]Starting Geo IP.
[2021-10-18 16:51:45,244][INFO][4545322496][speed_test.py:111]Node inbound IP : 223.87.193.132, Geo : China Chengdu, China Mobile Guangdong
[2021-10-18 16:51:45,244][INFO][4545322496][speed_test_methods.py:72]Testing latency to server.
[2021-10-18 16:51:47,781][INFO][4545322496][speed_test_methods.py:68]Testing latency to google.
[2021-10-18 16:51:51,243][INFO][4545322496][geo_ip.py:63]Starting Geo IP.
[2021-10-18 16:51:52,751][INFO][4545322496][speed_test.py:127]Node outbound IP : 54.238.172.226, Geo : Japan Tokyo, Amazon.com
[2021-10-18 16:51:52,751][INFO][4545322496][speed_test.py:135]Performing netflix test LOCAL_PORT: 1087.
[2021-10-18 16:51:55,378][INFO][4545322496][speed_test.py:153]Netflix IP : 54.238.172.226
[2021-10-18 16:51:57,566][INFO][4545322496][speed_test.py:170]Netflix test result: 原生解锁.
[2021-10-18 16:51:57,567][INFO][4545322496][speed_test.py:218]Performing UDP NAT Type Test
[2021-10-18 16:51:58,784][INFO][4545322496][speed_test_methods.py:44]Starting speed test with FAST
[2021-10-18 16:51:58,784][WARNING][4545322496][speed_test.py:374]Re-testing node.
[2021-10-18 16:51:58,785][INFO][4545322496][speed_test_methods.py:44]Starting speed test with FAST
[2021-10-18 16:51:58,785][INFO][4545322496][speed_test.py:386][netflix] - [日本 ソフトバンク C12 500Mbps 1倍 Netflix] - Loss: [0.00%] - TCP Ping: [153.00] - Google Loss: [0.00%] - Google Ping: [345.00] - AvgStSpeed: [0.00MB/s] - AvgMtSpeed: [0.00MB/s] - NAT Type: Full-cone NAT - Internal End: 10.10.20.57:54320 - Public End: 54.238.172.226:50945
[2021-10-18 16:51:58,786][INFO][4545322496][platform_check.py:9]Platform Info : macOS-11.6-x86_64-i386-64bit
[2021-10-18 16:51:58,786][INFO][4545322496][base_client.py:51]Client terminated.
[2021-10-18 16:51:59,809][INFO][4545322496][export_result.py:60]Time Used : 00:07:34
[2021-10-18 16:51:59,810][INFO][4545322496][export_result.py:46]Set colors as origin.
[2021-10-18 16:52:00,269][INFO][4545322496][export_result.py:263]Result image saved as ./results/2021-10-18-16-51-59.png
